<?xml version="1.0" encoding="UTF-8"?>
<!DOCTYPE html PUBLIC "-//W3C//DTD XHTML 1.0 Strict//EN" "http://www.w3.org/TR/xhtml1/DTD/xhtml1-strict.dtd">
<html xmlns="http://www.w3.org/1999/xhtml">
<head>
    <title>thread4测试报告</title>
    <meta name="generator" content="HTMLTestRunner 0.8.2"/>
    <meta http-equiv="Content-Type" content="text/html; charset=UTF-8"/>
    
<style type="text/css" media="screen">
body        { font-family: verdana, arial, helvetica, sans-serif; font-size: 80%; }
table       { font-size: 100%; }
pre         { }

/* -- heading ---------------------------------------------------------------------- */
h1 {
	font-size: 16pt;
	color: gray;
}
.heading {
    margin-top: 0ex;
    margin-bottom: 1ex;
}

.heading .attribute {
    margin-top: 1ex;
    margin-bottom: 0;
}

.heading .description {
    margin-top: 4ex;
    margin-bottom: 6ex;
}

/* -- css div popup ------------------------------------------------------------------------ */
a.popup_link {
}

a.popup_link:hover {
    color: red;
}

.popup_window {
    display: none;
    position: relative;
    left: 0px;
    top: 0px;
    /*border: solid #627173 1px; */
    padding: 10px;
    background-color: #E6E6D6;
    font-family: "Lucida Console", "Courier New", Courier, monospace;
    text-align: left;
    font-size: 8pt;
    width: 500px;
}

}
/* -- report ------------------------------------------------------------------------ */
#show_detail_line {
    margin-top: 3ex;
    margin-bottom: 1ex;
}
#result_table {
    width: 80%;
    border-collapse: collapse;
    border: 1px solid #777;
}
#header_row {
    font-weight: bold;
    color: white;
    background-color: #777;
}
#result_table td {
    border: 1px solid #777;
    padding: 2px;
}
#total_row  { font-weight: bold; }
.passClass  { background-color: #6c6; }
.failClass  { background-color: #c60; }
.errorClass { background-color: #c00; }
.passCase   { color: #6c6; }
.failCase   { color: #c60; font-weight: bold; }
.errorCase  { color: #c00; font-weight: bold; }
.hiddenRow  { display: none; }
.testcase   { margin-left: 2em; }


/* -- ending ---------------------------------------------------------------------- */
#ending {
}

</style>

</head>
<body>
<script language="javascript" type="text/javascript"><!--
output_list = Array();

/* level - 0:Summary; 1:Failed; 2:All */
function showCase(level) {
    trs = document.getElementsByTagName("tr");
    for (var i = 0; i < trs.length; i++) {
        tr = trs[i];
        id = tr.id;
        if (id.substr(0,2) == 'ft') {
            if (level < 1) {
                tr.className = 'hiddenRow';
            }
            else {
                tr.className = '';
            }
        }
        if (id.substr(0,2) == 'pt') {
            if (level > 1) {
                tr.className = '';
            }
            else {
                tr.className = 'hiddenRow';
            }
        }
    }
}


function showClassDetail(cid, count) {
    var id_list = Array(count);
    var toHide = 1;
    for (var i = 0; i < count; i++) {
        tid0 = 't' + cid.substr(1) + '.' + (i+1);
        tid = 'f' + tid0;
        tr = document.getElementById(tid);
        if (!tr) {
            tid = 'p' + tid0;
            tr = document.getElementById(tid);
        }
        id_list[i] = tid;
        if (tr.className) {
            toHide = 0;
        }
    }
    for (var i = 0; i < count; i++) {
        tid = id_list[i];
        if (toHide) {
            document.getElementById('div_'+tid).style.display = 'none'
            document.getElementById(tid).className = 'hiddenRow';
        }
        else {
            document.getElementById(tid).className = '';
        }
    }
}


function showTestDetail(div_id){
    var details_div = document.getElementById(div_id)
    var displayState = details_div.style.display
    // alert(displayState)
    if (displayState != 'block' ) {
        displayState = 'block'
        details_div.style.display = 'block'
    }
    else {
        details_div.style.display = 'none'
    }
}


function html_escape(s) {
    s = s.replace(/&/g,'&amp;');
    s = s.replace(/</g,'&lt;');
    s = s.replace(/>/g,'&gt;');
    return s;
}

/* obsoleted by detail in <div>
function showOutput(id, name) {
    var w = window.open("", //url
                    name,
                    "resizable,scrollbars,status,width=800,height=450");
    d = w.document;
    d.write("<pre>");
    d.write(html_escape(output_list[id]));
    d.write("\n");
    d.write("<a href='javascript:window.close()'>close</a>\n");
    d.write("</pre>\n");
    d.close();
}
*/
--></script>

<div class='heading'>
<h1>thread4测试报告</h1>
<p class='attribute'><strong>Start Time:</strong> 2016-04-13 10:36:33</p>
<p class='attribute'><strong>Duration:</strong> 0:38:16.369000</p>
<p class='attribute'><strong>Status:</strong> Pass 18 Failure 2 Error 33</p>

<p class='description'>用例执行情况：</p>
</div>



<p id='show_detail_line'>Show
<a href='javascript:showCase(0)'>Summary</a>
<a href='javascript:showCase(1)'>Failed</a>
<a href='javascript:showCase(2)'>All</a>
</p>
<table id='result_table'>
<colgroup>
<col align='left' />
<col align='right' />
<col align='right' />
<col align='right' />
<col align='right' />
<col align='right' />
</colgroup>
<tr id='header_row'>
    <td>Test Group/Test case</td>
    <td>Count</td>
    <td>Pass</td>
    <td>Fail</td>
    <td>Error</td>
    <td>View</td>
</tr>

<tr class='errorClass'>
    <td>test_OfflinePromotion.test_OfflinePromotion</td>
    <td>22</td>
    <td>5</td>
    <td>0</td>
    <td>17</td>
    <td><a href="javascript:showClassDetail('c1',22)">Detail</a></td>
</tr>

<tr id='ft1.1' class='none'>
    <td class='errorCase'><div class='testcase'>test_0add_Promotion: 添加促销</div></td>
    <td colspan='5' align='center'>

    <!--css div popup start-->
    <a class="popup_link" onfocus='this.blur();' href="javascript:showTestDetail('div_ft1.1')" >
        error</a>

    <div id='div_ft1.1' class="popup_window">
        <div style='text-align: right; color:red;cursor:pointer'>
        <a onfocus='this.blur();' onclick="document.getElementById('div_ft1.1').style.display = 'none' " >
           [x]</a>
        </div>
        <pre>
        
ft1.1: Traceback (most recent call last):
  File "D:\ISS\Test_Cases\thread4\test_OfflinePromotion.py", line 270, in test_0add_Promotion
    self.clickButton(u"ä¿å­")
  File "D:\ISS\Test_Cases\thread4\test_OfflinePromotion.py", line 156, in clickButton
    success=driver.find_element_by_css_selector("body &gt; div.panel.window.messager-window &gt; div.messager-body.panel-body.panel-body-noborder.window-body &gt; div:nth-child(2)")
  File "C:\Python27\lib\site-packages\selenium\webdriver\remote\webdriver.py", line 434, in find_element_by_css_selector
    return self.find_element(by=By.CSS_SELECTOR, value=css_selector)
  File "C:\Python27\lib\site-packages\selenium\webdriver\remote\webdriver.py", line 744, in find_element
    {'using': by, 'value': value})['value']
  File "C:\Python27\lib\site-packages\selenium\webdriver\remote\webdriver.py", line 233, in execute
    self.error_handler.check_response(response)
  File "C:\Python27\lib\site-packages\selenium\webdriver\remote\errorhandler.py", line 194, in check_response
    raise exception_class(message, screen, stacktrace)
NoSuchElementException: Message: Unable to locate element: {"method":"css selector","selector":"body &gt; div.panel.window.messager-window &gt; div.messager-body.panel-body.panel-body-noborder.window-body &gt; div:nth-child(2)"}
Stacktrace:
    at FirefoxDriver.prototype.findElementInternal_ (file:///c:/users/admini~1/appdata/local/temp/tmpxa1mtu/extensions/fxdriver@googlecode.com/components/driver-component.js:10770)
    at fxdriver.Timer.prototype.setTimeout/&lt;.notify (file:///c:/users/admini~1/appdata/local/temp/tmpxa1mtu/extensions/fxdriver@googlecode.com/components/driver-component.js:625)


        </pre>
    </div>
    <!--css div popup end-->

    </td>
</tr>

<tr id='pt1.2' class='hiddenRow'>
    <td class='none'><div class='testcase'>test_1search_byKeyWord: 按关键字查找促销</div></td>
    <td colspan='5' align='center'>pass</td>
</tr>

<tr id='pt1.3' class='hiddenRow'>
    <td class='none'><div class='testcase'>test_2search_byActivityTime: 按活动时间查找</div></td>
    <td colspan='5' align='center'>pass</td>
</tr>

<tr id='pt1.4' class='hiddenRow'>
    <td class='none'><div class='testcase'>test_3search_byApplicableObject: 按适用对象查找</div></td>
    <td colspan='5' align='center'>pass</td>
</tr>

<tr id='pt1.5' class='hiddenRow'>
    <td class='none'><div class='testcase'>test_4search_byMakeDate: 按制单日期查找</div></td>
    <td colspan='5' align='center'>pass</td>
</tr>

<tr id='pt1.6' class='hiddenRow'>
    <td class='none'><div class='testcase'>test_5search_byIdentifyDocument: 按单据标识查找</div></td>
    <td colspan='5' align='center'>pass</td>
</tr>

<tr id='ft1.7' class='none'>
    <td class='errorCase'><div class='testcase'>test_6search_byPromotionType: 按促销类型查找</div></td>
    <td colspan='5' align='center'>

    <!--css div popup start-->
    <a class="popup_link" onfocus='this.blur();' href="javascript:showTestDetail('div_ft1.7')" >
        error</a>

    <div id='div_ft1.7' class="popup_window">
        <div style='text-align: right; color:red;cursor:pointer'>
        <a onfocus='this.blur();' onclick="document.getElementById('div_ft1.7').style.display = 'none' " >
           [x]</a>
        </div>
        <pre>
        
ft1.7: Traceback (most recent call last):
  File "D:\ISS\Test_Cases\thread4\test_OfflinePromotion.py", line 521, in test_6search_byPromotionType
    self.clickButton(u"æ¥æ¾")
  File "D:\ISS\Test_Cases\thread4\test_OfflinePromotion.py", line 101, in clickButton
    WebWait(driver,"#content &gt; div.tabs-panels.tabs-panels-noborder &gt; div:nth-child(2) &gt; div &gt; div &gt; div &gt; div &gt; div.datagrid-mask")
  File "D:\ISS\Test_Cases\public\isspublic.py", line 48, in WebWait
    raise NameError("Wait Timeout!")
NameError: Wait Timeout!


        </pre>
    </div>
    <!--css div popup end-->

    </td>
</tr>

<tr id='ft1.8' class='none'>
    <td class='errorCase'><div class='testcase'>test_7modify_Promotion: 修改促销</div></td>
    <td colspan='5' align='center'>

    <!--css div popup start-->
    <a class="popup_link" onfocus='this.blur();' href="javascript:showTestDetail('div_ft1.8')" >
        error</a>

    <div id='div_ft1.8' class="popup_window">
        <div style='text-align: right; color:red;cursor:pointer'>
        <a onfocus='this.blur();' onclick="document.getElementById('div_ft1.8').style.display = 'none' " >
           [x]</a>
        </div>
        <pre>
        
ft1.8: Traceback (most recent call last):
  File "D:\ISS\Test_Cases\thread4\test_OfflinePromotion.py", line 564, in test_7modify_Promotion
    self.edit_Promotion()
  File "D:\ISS\Test_Cases\thread4\test_OfflinePromotion.py", line 538, in edit_Promotion
    self.searchbykey(code)
  File "D:\ISS\Test_Cases\thread4\test_OfflinePromotion.py", line 307, in searchbykey
    code=findCss(driver,"#content &gt; div.tabs-panels.tabs-panels-noborder &gt; div:nth-child(2) table.datagrid-btable  td[field='fdCode']").text
  File "D:\ISS\Test_Cases\public\isspublic.py", line 120, in findCss
    f=driver.find_element_by_css_selector(css)
  File "C:\Python27\lib\site-packages\selenium\webdriver\remote\webdriver.py", line 434, in find_element_by_css_selector
    return self.find_element(by=By.CSS_SELECTOR, value=css_selector)
  File "C:\Python27\lib\site-packages\selenium\webdriver\remote\webdriver.py", line 744, in find_element
    {'using': by, 'value': value})['value']
  File "C:\Python27\lib\site-packages\selenium\webdriver\remote\webdriver.py", line 233, in execute
    self.error_handler.check_response(response)
  File "C:\Python27\lib\site-packages\selenium\webdriver\remote\errorhandler.py", line 194, in check_response
    raise exception_class(message, screen, stacktrace)
NoSuchElementException: Message: Unable to locate element: {"method":"css selector","selector":"#content &gt; div.tabs-panels.tabs-panels-noborder &gt; div:nth-child(2) table.datagrid-btable  td[field='fdCode']"}
Stacktrace:
    at FirefoxDriver.prototype.findElementInternal_ (file:///c:/users/admini~1/appdata/local/temp/tmpsesyw4/extensions/fxdriver@googlecode.com/components/driver-component.js:10770)
    at fxdriver.Timer.prototype.setTimeout/&lt;.notify (file:///c:/users/admini~1/appdata/local/temp/tmpsesyw4/extensions/fxdriver@googlecode.com/components/driver-component.js:625)


        </pre>
    </div>
    <!--css div popup end-->

    </td>
</tr>

<tr id='ft1.9' class='none'>
    <td class='errorCase'><div class='testcase'>test_8modify_AddRedemption_com: 添加换购品</div></td>
    <td colspan='5' align='center'>

    <!--css div popup start-->
    <a class="popup_link" onfocus='this.blur();' href="javascript:showTestDetail('div_ft1.9')" >
        error</a>

    <div id='div_ft1.9' class="popup_window">
        <div style='text-align: right; color:red;cursor:pointer'>
        <a onfocus='this.blur();' onclick="document.getElementById('div_ft1.9').style.display = 'none' " >
           [x]</a>
        </div>
        <pre>
        
ft1.9: Traceback (most recent call last):
  File "D:\ISS\Test_Cases\thread4\test_OfflinePromotion.py", line 572, in test_8modify_AddRedemption_com
    self.edit_Promotion()
  File "D:\ISS\Test_Cases\thread4\test_OfflinePromotion.py", line 538, in edit_Promotion
    self.searchbykey(code)
  File "D:\ISS\Test_Cases\thread4\test_OfflinePromotion.py", line 307, in searchbykey
    code=findCss(driver,"#content &gt; div.tabs-panels.tabs-panels-noborder &gt; div:nth-child(2) table.datagrid-btable  td[field='fdCode']").text
  File "D:\ISS\Test_Cases\public\isspublic.py", line 120, in findCss
    f=driver.find_element_by_css_selector(css)
  File "C:\Python27\lib\site-packages\selenium\webdriver\remote\webdriver.py", line 434, in find_element_by_css_selector
    return self.find_element(by=By.CSS_SELECTOR, value=css_selector)
  File "C:\Python27\lib\site-packages\selenium\webdriver\remote\webdriver.py", line 744, in find_element
    {'using': by, 'value': value})['value']
  File "C:\Python27\lib\site-packages\selenium\webdriver\remote\webdriver.py", line 233, in execute
    self.error_handler.check_response(response)
  File "C:\Python27\lib\site-packages\selenium\webdriver\remote\errorhandler.py", line 194, in check_response
    raise exception_class(message, screen, stacktrace)
NoSuchElementException: Message: Unable to locate element: {"method":"css selector","selector":"#content &gt; div.tabs-panels.tabs-panels-noborder &gt; div:nth-child(2) table.datagrid-btable  td[field='fdCode']"}
Stacktrace:
    at FirefoxDriver.prototype.findElementInternal_ (file:///c:/users/admini~1/appdata/local/temp/tmpflaicq/extensions/fxdriver@googlecode.com/components/driver-component.js:10770)
    at fxdriver.Timer.prototype.setTimeout/&lt;.notify (file:///c:/users/admini~1/appdata/local/temp/tmpflaicq/extensions/fxdriver@googlecode.com/components/driver-component.js:625)


        </pre>
    </div>
    <!--css div popup end-->

    </td>
</tr>

<tr id='ft1.10' class='none'>
    <td class='errorCase'><div class='testcase'>test_9modify_AddTriggerPoint: 添加业务触发点</div></td>
    <td colspan='5' align='center'>

    <!--css div popup start-->
    <a class="popup_link" onfocus='this.blur();' href="javascript:showTestDetail('div_ft1.10')" >
        error</a>

    <div id='div_ft1.10' class="popup_window">
        <div style='text-align: right; color:red;cursor:pointer'>
        <a onfocus='this.blur();' onclick="document.getElementById('div_ft1.10').style.display = 'none' " >
           [x]</a>
        </div>
        <pre>
        
ft1.10: Traceback (most recent call last):
  File "D:\ISS\Test_Cases\thread4\test_OfflinePromotion.py", line 651, in test_9modify_AddTriggerPoint
    self.edit_Promotion()
  File "D:\ISS\Test_Cases\thread4\test_OfflinePromotion.py", line 538, in edit_Promotion
    self.searchbykey(code)
  File "D:\ISS\Test_Cases\thread4\test_OfflinePromotion.py", line 307, in searchbykey
    code=findCss(driver,"#content &gt; div.tabs-panels.tabs-panels-noborder &gt; div:nth-child(2) table.datagrid-btable  td[field='fdCode']").text
  File "D:\ISS\Test_Cases\public\isspublic.py", line 120, in findCss
    f=driver.find_element_by_css_selector(css)
  File "C:\Python27\lib\site-packages\selenium\webdriver\remote\webdriver.py", line 434, in find_element_by_css_selector
    return self.find_element(by=By.CSS_SELECTOR, value=css_selector)
  File "C:\Python27\lib\site-packages\selenium\webdriver\remote\webdriver.py", line 744, in find_element
    {'using': by, 'value': value})['value']
  File "C:\Python27\lib\site-packages\selenium\webdriver\remote\webdriver.py", line 233, in execute
    self.error_handler.check_response(response)
  File "C:\Python27\lib\site-packages\selenium\webdriver\remote\errorhandler.py", line 194, in check_response
    raise exception_class(message, screen, stacktrace)
NoSuchElementException: Message: Unable to locate element: {"method":"css selector","selector":"#content &gt; div.tabs-panels.tabs-panels-noborder &gt; div:nth-child(2) table.datagrid-btable  td[field='fdCode']"}
Stacktrace:
    at FirefoxDriver.prototype.findElementInternal_ (file:///c:/users/admini~1/appdata/local/temp/tmpsuhngf/extensions/fxdriver@googlecode.com/components/driver-component.js:10770)
    at fxdriver.Timer.prototype.setTimeout/&lt;.notify (file:///c:/users/admini~1/appdata/local/temp/tmpsuhngf/extensions/fxdriver@googlecode.com/components/driver-component.js:625)


        </pre>
    </div>
    <!--css div popup end-->

    </td>
</tr>

<tr id='ft1.11' class='none'>
    <td class='errorCase'><div class='testcase'>test_amodify_DeleteTriggerPoint: 删除业务触发点</div></td>
    <td colspan='5' align='center'>

    <!--css div popup start-->
    <a class="popup_link" onfocus='this.blur();' href="javascript:showTestDetail('div_ft1.11')" >
        error</a>

    <div id='div_ft1.11' class="popup_window">
        <div style='text-align: right; color:red;cursor:pointer'>
        <a onfocus='this.blur();' onclick="document.getElementById('div_ft1.11').style.display = 'none' " >
           [x]</a>
        </div>
        <pre>
        
ft1.11: Traceback (most recent call last):
  File "D:\ISS\Test_Cases\thread4\test_OfflinePromotion.py", line 716, in test_amodify_DeleteTriggerPoint
    self.edit_Promotion()
  File "D:\ISS\Test_Cases\thread4\test_OfflinePromotion.py", line 538, in edit_Promotion
    self.searchbykey(code)
  File "D:\ISS\Test_Cases\thread4\test_OfflinePromotion.py", line 307, in searchbykey
    code=findCss(driver,"#content &gt; div.tabs-panels.tabs-panels-noborder &gt; div:nth-child(2) table.datagrid-btable  td[field='fdCode']").text
  File "D:\ISS\Test_Cases\public\isspublic.py", line 120, in findCss
    f=driver.find_element_by_css_selector(css)
  File "C:\Python27\lib\site-packages\selenium\webdriver\remote\webdriver.py", line 434, in find_element_by_css_selector
    return self.find_element(by=By.CSS_SELECTOR, value=css_selector)
  File "C:\Python27\lib\site-packages\selenium\webdriver\remote\webdriver.py", line 744, in find_element
    {'using': by, 'value': value})['value']
  File "C:\Python27\lib\site-packages\selenium\webdriver\remote\webdriver.py", line 233, in execute
    self.error_handler.check_response(response)
  File "C:\Python27\lib\site-packages\selenium\webdriver\remote\errorhandler.py", line 194, in check_response
    raise exception_class(message, screen, stacktrace)
NoSuchElementException: Message: Unable to locate element: {"method":"css selector","selector":"#content &gt; div.tabs-panels.tabs-panels-noborder &gt; div:nth-child(2) table.datagrid-btable  td[field='fdCode']"}
Stacktrace:
    at FirefoxDriver.prototype.findElementInternal_ (file:///c:/users/admini~1/appdata/local/temp/tmprys0ta/extensions/fxdriver@googlecode.com/components/driver-component.js:10770)
    at fxdriver.Timer.prototype.setTimeout/&lt;.notify (file:///c:/users/admini~1/appdata/local/temp/tmprys0ta/extensions/fxdriver@googlecode.com/components/driver-component.js:625)


        </pre>
    </div>
    <!--css div popup end-->

    </td>
</tr>

<tr id='ft1.12' class='none'>
    <td class='errorCase'><div class='testcase'>test_bmodify_DeleteRedemption_com: 删除换购品</div></td>
    <td colspan='5' align='center'>

    <!--css div popup start-->
    <a class="popup_link" onfocus='this.blur();' href="javascript:showTestDetail('div_ft1.12')" >
        error</a>

    <div id='div_ft1.12' class="popup_window">
        <div style='text-align: right; color:red;cursor:pointer'>
        <a onfocus='this.blur();' onclick="document.getElementById('div_ft1.12').style.display = 'none' " >
           [x]</a>
        </div>
        <pre>
        
ft1.12: Traceback (most recent call last):
  File "D:\ISS\Test_Cases\thread4\test_OfflinePromotion.py", line 738, in test_bmodify_DeleteRedemption_com
    self.edit_Promotion()
  File "D:\ISS\Test_Cases\thread4\test_OfflinePromotion.py", line 538, in edit_Promotion
    self.searchbykey(code)
  File "D:\ISS\Test_Cases\thread4\test_OfflinePromotion.py", line 307, in searchbykey
    code=findCss(driver,"#content &gt; div.tabs-panels.tabs-panels-noborder &gt; div:nth-child(2) table.datagrid-btable  td[field='fdCode']").text
  File "D:\ISS\Test_Cases\public\isspublic.py", line 120, in findCss
    f=driver.find_element_by_css_selector(css)
  File "C:\Python27\lib\site-packages\selenium\webdriver\remote\webdriver.py", line 434, in find_element_by_css_selector
    return self.find_element(by=By.CSS_SELECTOR, value=css_selector)
  File "C:\Python27\lib\site-packages\selenium\webdriver\remote\webdriver.py", line 744, in find_element
    {'using': by, 'value': value})['value']
  File "C:\Python27\lib\site-packages\selenium\webdriver\remote\webdriver.py", line 233, in execute
    self.error_handler.check_response(response)
  File "C:\Python27\lib\site-packages\selenium\webdriver\remote\errorhandler.py", line 194, in check_response
    raise exception_class(message, screen, stacktrace)
NoSuchElementException: Message: Unable to locate element: {"method":"css selector","selector":"#content &gt; div.tabs-panels.tabs-panels-noborder &gt; div:nth-child(2) table.datagrid-btable  td[field='fdCode']"}
Stacktrace:
    at FirefoxDriver.prototype.findElementInternal_ (file:///c:/users/admini~1/appdata/local/temp/tmpv3y7vj/extensions/fxdriver@googlecode.com/components/driver-component.js:10770)
    at fxdriver.Timer.prototype.setTimeout/&lt;.notify (file:///c:/users/admini~1/appdata/local/temp/tmpv3y7vj/extensions/fxdriver@googlecode.com/components/driver-component.js:625)


        </pre>
    </div>
    <!--css div popup end-->

    </td>
</tr>

<tr id='ft1.13' class='none'>
    <td class='errorCase'><div class='testcase'>test_cmodify_AddSuitObject: 添加适用对象</div></td>
    <td colspan='5' align='center'>

    <!--css div popup start-->
    <a class="popup_link" onfocus='this.blur();' href="javascript:showTestDetail('div_ft1.13')" >
        error</a>

    <div id='div_ft1.13' class="popup_window">
        <div style='text-align: right; color:red;cursor:pointer'>
        <a onfocus='this.blur();' onclick="document.getElementById('div_ft1.13').style.display = 'none' " >
           [x]</a>
        </div>
        <pre>
        
ft1.13: Traceback (most recent call last):
  File "D:\ISS\Test_Cases\thread4\test_OfflinePromotion.py", line 785, in test_cmodify_AddSuitObject
    self.edit_Promotion()
  File "D:\ISS\Test_Cases\thread4\test_OfflinePromotion.py", line 538, in edit_Promotion
    self.searchbykey(code)
  File "D:\ISS\Test_Cases\thread4\test_OfflinePromotion.py", line 307, in searchbykey
    code=findCss(driver,"#content &gt; div.tabs-panels.tabs-panels-noborder &gt; div:nth-child(2) table.datagrid-btable  td[field='fdCode']").text
  File "D:\ISS\Test_Cases\public\isspublic.py", line 120, in findCss
    f=driver.find_element_by_css_selector(css)
  File "C:\Python27\lib\site-packages\selenium\webdriver\remote\webdriver.py", line 434, in find_element_by_css_selector
    return self.find_element(by=By.CSS_SELECTOR, value=css_selector)
  File "C:\Python27\lib\site-packages\selenium\webdriver\remote\webdriver.py", line 744, in find_element
    {'using': by, 'value': value})['value']
  File "C:\Python27\lib\site-packages\selenium\webdriver\remote\webdriver.py", line 233, in execute
    self.error_handler.check_response(response)
  File "C:\Python27\lib\site-packages\selenium\webdriver\remote\errorhandler.py", line 194, in check_response
    raise exception_class(message, screen, stacktrace)
NoSuchElementException: Message: Unable to locate element: {"method":"css selector","selector":"#content &gt; div.tabs-panels.tabs-panels-noborder &gt; div:nth-child(2) table.datagrid-btable  td[field='fdCode']"}
Stacktrace:
    at FirefoxDriver.prototype.findElementInternal_ (file:///c:/users/admini~1/appdata/local/temp/tmpdi1p8q/extensions/fxdriver@googlecode.com/components/driver-component.js:10770)
    at fxdriver.Timer.prototype.setTimeout/&lt;.notify (file:///c:/users/admini~1/appdata/local/temp/tmpdi1p8q/extensions/fxdriver@googlecode.com/components/driver-component.js:625)


        </pre>
    </div>
    <!--css div popup end-->

    </td>
</tr>

<tr id='ft1.14' class='none'>
    <td class='errorCase'><div class='testcase'>test_dmodify_DeleteSuitObject: 删除适用对象</div></td>
    <td colspan='5' align='center'>

    <!--css div popup start-->
    <a class="popup_link" onfocus='this.blur();' href="javascript:showTestDetail('div_ft1.14')" >
        error</a>

    <div id='div_ft1.14' class="popup_window">
        <div style='text-align: right; color:red;cursor:pointer'>
        <a onfocus='this.blur();' onclick="document.getElementById('div_ft1.14').style.display = 'none' " >
           [x]</a>
        </div>
        <pre>
        
ft1.14: Traceback (most recent call last):
  File "D:\ISS\Test_Cases\thread4\test_OfflinePromotion.py", line 822, in test_dmodify_DeleteSuitObject
    self.edit_Promotion()
  File "D:\ISS\Test_Cases\thread4\test_OfflinePromotion.py", line 538, in edit_Promotion
    self.searchbykey(code)
  File "D:\ISS\Test_Cases\thread4\test_OfflinePromotion.py", line 307, in searchbykey
    code=findCss(driver,"#content &gt; div.tabs-panels.tabs-panels-noborder &gt; div:nth-child(2) table.datagrid-btable  td[field='fdCode']").text
  File "D:\ISS\Test_Cases\public\isspublic.py", line 120, in findCss
    f=driver.find_element_by_css_selector(css)
  File "C:\Python27\lib\site-packages\selenium\webdriver\remote\webdriver.py", line 434, in find_element_by_css_selector
    return self.find_element(by=By.CSS_SELECTOR, value=css_selector)
  File "C:\Python27\lib\site-packages\selenium\webdriver\remote\webdriver.py", line 744, in find_element
    {'using': by, 'value': value})['value']
  File "C:\Python27\lib\site-packages\selenium\webdriver\remote\webdriver.py", line 233, in execute
    self.error_handler.check_response(response)
  File "C:\Python27\lib\site-packages\selenium\webdriver\remote\errorhandler.py", line 194, in check_response
    raise exception_class(message, screen, stacktrace)
NoSuchElementException: Message: Unable to locate element: {"method":"css selector","selector":"#content &gt; div.tabs-panels.tabs-panels-noborder &gt; div:nth-child(2) table.datagrid-btable  td[field='fdCode']"}
Stacktrace:
    at FirefoxDriver.prototype.findElementInternal_ (file:///c:/users/admini~1/appdata/local/temp/tmptvclkx/extensions/fxdriver@googlecode.com/components/driver-component.js:10770)
    at fxdriver.Timer.prototype.setTimeout/&lt;.notify (file:///c:/users/admini~1/appdata/local/temp/tmptvclkx/extensions/fxdriver@googlecode.com/components/driver-component.js:625)


        </pre>
    </div>
    <!--css div popup end-->

    </td>
</tr>

<tr id='ft1.15' class='none'>
    <td class='errorCase'><div class='testcase'>test_emodify_Add_TimeConstraint: 添加时段约束</div></td>
    <td colspan='5' align='center'>

    <!--css div popup start-->
    <a class="popup_link" onfocus='this.blur();' href="javascript:showTestDetail('div_ft1.15')" >
        error</a>

    <div id='div_ft1.15' class="popup_window">
        <div style='text-align: right; color:red;cursor:pointer'>
        <a onfocus='this.blur();' onclick="document.getElementById('div_ft1.15').style.display = 'none' " >
           [x]</a>
        </div>
        <pre>
        
ft1.15: Traceback (most recent call last):
  File "D:\ISS\Test_Cases\thread4\test_OfflinePromotion.py", line 852, in test_emodify_Add_TimeConstraint
    self.edit_Promotion()
  File "D:\ISS\Test_Cases\thread4\test_OfflinePromotion.py", line 538, in edit_Promotion
    self.searchbykey(code)
  File "D:\ISS\Test_Cases\thread4\test_OfflinePromotion.py", line 307, in searchbykey
    code=findCss(driver,"#content &gt; div.tabs-panels.tabs-panels-noborder &gt; div:nth-child(2) table.datagrid-btable  td[field='fdCode']").text
  File "D:\ISS\Test_Cases\public\isspublic.py", line 120, in findCss
    f=driver.find_element_by_css_selector(css)
  File "C:\Python27\lib\site-packages\selenium\webdriver\remote\webdriver.py", line 434, in find_element_by_css_selector
    return self.find_element(by=By.CSS_SELECTOR, value=css_selector)
  File "C:\Python27\lib\site-packages\selenium\webdriver\remote\webdriver.py", line 744, in find_element
    {'using': by, 'value': value})['value']
  File "C:\Python27\lib\site-packages\selenium\webdriver\remote\webdriver.py", line 233, in execute
    self.error_handler.check_response(response)
  File "C:\Python27\lib\site-packages\selenium\webdriver\remote\errorhandler.py", line 194, in check_response
    raise exception_class(message, screen, stacktrace)
NoSuchElementException: Message: Unable to locate element: {"method":"css selector","selector":"#content &gt; div.tabs-panels.tabs-panels-noborder &gt; div:nth-child(2) table.datagrid-btable  td[field='fdCode']"}
Stacktrace:
    at FirefoxDriver.prototype.findElementInternal_ (file:///c:/users/admini~1/appdata/local/temp/tmpm7tk7w/extensions/fxdriver@googlecode.com/components/driver-component.js:10770)
    at fxdriver.Timer.prototype.setTimeout/&lt;.notify (file:///c:/users/admini~1/appdata/local/temp/tmpm7tk7w/extensions/fxdriver@googlecode.com/components/driver-component.js:625)


        </pre>
    </div>
    <!--css div popup end-->

    </td>
</tr>

<tr id='ft1.16' class='none'>
    <td class='errorCase'><div class='testcase'>test_fmodify_Delete_TimeConstraint: 删除时段约束</div></td>
    <td colspan='5' align='center'>

    <!--css div popup start-->
    <a class="popup_link" onfocus='this.blur();' href="javascript:showTestDetail('div_ft1.16')" >
        error</a>

    <div id='div_ft1.16' class="popup_window">
        <div style='text-align: right; color:red;cursor:pointer'>
        <a onfocus='this.blur();' onclick="document.getElementById('div_ft1.16').style.display = 'none' " >
           [x]</a>
        </div>
        <pre>
        
ft1.16: Traceback (most recent call last):
  File "D:\ISS\Test_Cases\thread4\test_OfflinePromotion.py", line 890, in test_fmodify_Delete_TimeConstraint
    self.edit_Promotion()
  File "D:\ISS\Test_Cases\thread4\test_OfflinePromotion.py", line 538, in edit_Promotion
    self.searchbykey(code)
  File "D:\ISS\Test_Cases\thread4\test_OfflinePromotion.py", line 307, in searchbykey
    code=findCss(driver,"#content &gt; div.tabs-panels.tabs-panels-noborder &gt; div:nth-child(2) table.datagrid-btable  td[field='fdCode']").text
  File "D:\ISS\Test_Cases\public\isspublic.py", line 120, in findCss
    f=driver.find_element_by_css_selector(css)
  File "C:\Python27\lib\site-packages\selenium\webdriver\remote\webdriver.py", line 434, in find_element_by_css_selector
    return self.find_element(by=By.CSS_SELECTOR, value=css_selector)
  File "C:\Python27\lib\site-packages\selenium\webdriver\remote\webdriver.py", line 744, in find_element
    {'using': by, 'value': value})['value']
  File "C:\Python27\lib\site-packages\selenium\webdriver\remote\webdriver.py", line 233, in execute
    self.error_handler.check_response(response)
  File "C:\Python27\lib\site-packages\selenium\webdriver\remote\errorhandler.py", line 194, in check_response
    raise exception_class(message, screen, stacktrace)
NoSuchElementException: Message: Unable to locate element: {"method":"css selector","selector":"#content &gt; div.tabs-panels.tabs-panels-noborder &gt; div:nth-child(2) table.datagrid-btable  td[field='fdCode']"}
Stacktrace:
    at FirefoxDriver.prototype.findElementInternal_ (file:///c:/users/admini~1/appdata/local/temp/tmpcpkpsg/extensions/fxdriver@googlecode.com/components/driver-component.js:10770)
    at fxdriver.Timer.prototype.setTimeout/&lt;.notify (file:///c:/users/admini~1/appdata/local/temp/tmpcpkpsg/extensions/fxdriver@googlecode.com/components/driver-component.js:625)


        </pre>
    </div>
    <!--css div popup end-->

    </td>
</tr>

<tr id='ft1.17' class='none'>
    <td class='errorCase'><div class='testcase'>test_gmodify_AddPromotion_com: 添加促销商品</div></td>
    <td colspan='5' align='center'>

    <!--css div popup start-->
    <a class="popup_link" onfocus='this.blur();' href="javascript:showTestDetail('div_ft1.17')" >
        error</a>

    <div id='div_ft1.17' class="popup_window">
        <div style='text-align: right; color:red;cursor:pointer'>
        <a onfocus='this.blur();' onclick="document.getElementById('div_ft1.17').style.display = 'none' " >
           [x]</a>
        </div>
        <pre>
        
ft1.17: Traceback (most recent call last):
  File "D:\ISS\Test_Cases\thread4\test_OfflinePromotion.py", line 920, in test_gmodify_AddPromotion_com
    self.edit_Promotion()
  File "D:\ISS\Test_Cases\thread4\test_OfflinePromotion.py", line 538, in edit_Promotion
    self.searchbykey(code)
  File "D:\ISS\Test_Cases\thread4\test_OfflinePromotion.py", line 307, in searchbykey
    code=findCss(driver,"#content &gt; div.tabs-panels.tabs-panels-noborder &gt; div:nth-child(2) table.datagrid-btable  td[field='fdCode']").text
  File "D:\ISS\Test_Cases\public\isspublic.py", line 120, in findCss
    f=driver.find_element_by_css_selector(css)
  File "C:\Python27\lib\site-packages\selenium\webdriver\remote\webdriver.py", line 434, in find_element_by_css_selector
    return self.find_element(by=By.CSS_SELECTOR, value=css_selector)
  File "C:\Python27\lib\site-packages\selenium\webdriver\remote\webdriver.py", line 744, in find_element
    {'using': by, 'value': value})['value']
  File "C:\Python27\lib\site-packages\selenium\webdriver\remote\webdriver.py", line 233, in execute
    self.error_handler.check_response(response)
  File "C:\Python27\lib\site-packages\selenium\webdriver\remote\errorhandler.py", line 194, in check_response
    raise exception_class(message, screen, stacktrace)
NoSuchElementException: Message: Unable to locate element: {"method":"css selector","selector":"#content &gt; div.tabs-panels.tabs-panels-noborder &gt; div:nth-child(2) table.datagrid-btable  td[field='fdCode']"}
Stacktrace:
    at FirefoxDriver.prototype.findElementInternal_ (file:///c:/users/admini~1/appdata/local/temp/tmpdhz6rc/extensions/fxdriver@googlecode.com/components/driver-component.js:10770)
    at fxdriver.Timer.prototype.setTimeout/&lt;.notify (file:///c:/users/admini~1/appdata/local/temp/tmpdhz6rc/extensions/fxdriver@googlecode.com/components/driver-component.js:625)


        </pre>
    </div>
    <!--css div popup end-->

    </td>
</tr>

<tr id='ft1.18' class='none'>
    <td class='errorCase'><div class='testcase'>test_hmodify_DeletePromotion_com: 删除促销商品</div></td>
    <td colspan='5' align='center'>

    <!--css div popup start-->
    <a class="popup_link" onfocus='this.blur();' href="javascript:showTestDetail('div_ft1.18')" >
        error</a>

    <div id='div_ft1.18' class="popup_window">
        <div style='text-align: right; color:red;cursor:pointer'>
        <a onfocus='this.blur();' onclick="document.getElementById('div_ft1.18').style.display = 'none' " >
           [x]</a>
        </div>
        <pre>
        
ft1.18: Traceback (most recent call last):
  File "D:\ISS\Test_Cases\thread4\test_OfflinePromotion.py", line 993, in test_hmodify_DeletePromotion_com
    self.edit_Promotion()
  File "D:\ISS\Test_Cases\thread4\test_OfflinePromotion.py", line 538, in edit_Promotion
    self.searchbykey(code)
  File "D:\ISS\Test_Cases\thread4\test_OfflinePromotion.py", line 307, in searchbykey
    code=findCss(driver,"#content &gt; div.tabs-panels.tabs-panels-noborder &gt; div:nth-child(2) table.datagrid-btable  td[field='fdCode']").text
  File "D:\ISS\Test_Cases\public\isspublic.py", line 120, in findCss
    f=driver.find_element_by_css_selector(css)
  File "C:\Python27\lib\site-packages\selenium\webdriver\remote\webdriver.py", line 434, in find_element_by_css_selector
    return self.find_element(by=By.CSS_SELECTOR, value=css_selector)
  File "C:\Python27\lib\site-packages\selenium\webdriver\remote\webdriver.py", line 744, in find_element
    {'using': by, 'value': value})['value']
  File "C:\Python27\lib\site-packages\selenium\webdriver\remote\webdriver.py", line 233, in execute
    self.error_handler.check_response(response)
  File "C:\Python27\lib\site-packages\selenium\webdriver\remote\errorhandler.py", line 194, in check_response
    raise exception_class(message, screen, stacktrace)
NoSuchElementException: Message: Unable to locate element: {"method":"css selector","selector":"#content &gt; div.tabs-panels.tabs-panels-noborder &gt; div:nth-child(2) table.datagrid-btable  td[field='fdCode']"}
Stacktrace:
    at FirefoxDriver.prototype.findElementInternal_ (file:///c:/users/admini~1/appdata/local/temp/tmpeap8z0/extensions/fxdriver@googlecode.com/components/driver-component.js:10770)
    at fxdriver.Timer.prototype.setTimeout/&lt;.notify (file:///c:/users/admini~1/appdata/local/temp/tmpeap8z0/extensions/fxdriver@googlecode.com/components/driver-component.js:625)


        </pre>
    </div>
    <!--css div popup end-->

    </td>
</tr>

<tr id='ft1.19' class='none'>
    <td class='errorCase'><div class='testcase'>test_imodify_AddPayment: 添加结算方式</div></td>
    <td colspan='5' align='center'>

    <!--css div popup start-->
    <a class="popup_link" onfocus='this.blur();' href="javascript:showTestDetail('div_ft1.19')" >
        error</a>

    <div id='div_ft1.19' class="popup_window">
        <div style='text-align: right; color:red;cursor:pointer'>
        <a onfocus='this.blur();' onclick="document.getElementById('div_ft1.19').style.display = 'none' " >
           [x]</a>
        </div>
        <pre>
        
ft1.19: Traceback (most recent call last):
  File "D:\ISS\Test_Cases\thread4\test_OfflinePromotion.py", line 1038, in test_imodify_AddPayment
    self.edit_Promotion()
  File "D:\ISS\Test_Cases\thread4\test_OfflinePromotion.py", line 538, in edit_Promotion
    self.searchbykey(code)
  File "D:\ISS\Test_Cases\thread4\test_OfflinePromotion.py", line 307, in searchbykey
    code=findCss(driver,"#content &gt; div.tabs-panels.tabs-panels-noborder &gt; div:nth-child(2) table.datagrid-btable  td[field='fdCode']").text
  File "D:\ISS\Test_Cases\public\isspublic.py", line 120, in findCss
    f=driver.find_element_by_css_selector(css)
  File "C:\Python27\lib\site-packages\selenium\webdriver\remote\webdriver.py", line 434, in find_element_by_css_selector
    return self.find_element(by=By.CSS_SELECTOR, value=css_selector)
  File "C:\Python27\lib\site-packages\selenium\webdriver\remote\webdriver.py", line 744, in find_element
    {'using': by, 'value': value})['value']
  File "C:\Python27\lib\site-packages\selenium\webdriver\remote\webdriver.py", line 233, in execute
    self.error_handler.check_response(response)
  File "C:\Python27\lib\site-packages\selenium\webdriver\remote\errorhandler.py", line 194, in check_response
    raise exception_class(message, screen, stacktrace)
NoSuchElementException: Message: Unable to locate element: {"method":"css selector","selector":"#content &gt; div.tabs-panels.tabs-panels-noborder &gt; div:nth-child(2) table.datagrid-btable  td[field='fdCode']"}
Stacktrace:
    at FirefoxDriver.prototype.findElementInternal_ (file:///c:/users/admini~1/appdata/local/temp/tmpd5g8kk/extensions/fxdriver@googlecode.com/components/driver-component.js:10770)
    at fxdriver.Timer.prototype.setTimeout/&lt;.notify (file:///c:/users/admini~1/appdata/local/temp/tmpd5g8kk/extensions/fxdriver@googlecode.com/components/driver-component.js:625)


        </pre>
    </div>
    <!--css div popup end-->

    </td>
</tr>

<tr id='ft1.20' class='none'>
    <td class='errorCase'><div class='testcase'>test_jdelete_DeletePayment: 删除结算方式</div></td>
    <td colspan='5' align='center'>

    <!--css div popup start-->
    <a class="popup_link" onfocus='this.blur();' href="javascript:showTestDetail('div_ft1.20')" >
        error</a>

    <div id='div_ft1.20' class="popup_window">
        <div style='text-align: right; color:red;cursor:pointer'>
        <a onfocus='this.blur();' onclick="document.getElementById('div_ft1.20').style.display = 'none' " >
           [x]</a>
        </div>
        <pre>
        
ft1.20: Traceback (most recent call last):
  File "D:\ISS\Test_Cases\thread4\test_OfflinePromotion.py", line 1078, in test_jdelete_DeletePayment
    self.edit_Promotion()
  File "D:\ISS\Test_Cases\thread4\test_OfflinePromotion.py", line 538, in edit_Promotion
    self.searchbykey(code)
  File "D:\ISS\Test_Cases\thread4\test_OfflinePromotion.py", line 307, in searchbykey
    code=findCss(driver,"#content &gt; div.tabs-panels.tabs-panels-noborder &gt; div:nth-child(2) table.datagrid-btable  td[field='fdCode']").text
  File "D:\ISS\Test_Cases\public\isspublic.py", line 120, in findCss
    f=driver.find_element_by_css_selector(css)
  File "C:\Python27\lib\site-packages\selenium\webdriver\remote\webdriver.py", line 434, in find_element_by_css_selector
    return self.find_element(by=By.CSS_SELECTOR, value=css_selector)
  File "C:\Python27\lib\site-packages\selenium\webdriver\remote\webdriver.py", line 744, in find_element
    {'using': by, 'value': value})['value']
  File "C:\Python27\lib\site-packages\selenium\webdriver\remote\webdriver.py", line 233, in execute
    self.error_handler.check_response(response)
  File "C:\Python27\lib\site-packages\selenium\webdriver\remote\errorhandler.py", line 194, in check_response
    raise exception_class(message, screen, stacktrace)
NoSuchElementException: Message: Unable to locate element: {"method":"css selector","selector":"#content &gt; div.tabs-panels.tabs-panels-noborder &gt; div:nth-child(2) table.datagrid-btable  td[field='fdCode']"}
Stacktrace:
    at FirefoxDriver.prototype.findElementInternal_ (file:///c:/users/admini~1/appdata/local/temp/tmpsrnabb/extensions/fxdriver@googlecode.com/components/driver-component.js:10770)
    at fxdriver.Timer.prototype.setTimeout/&lt;.notify (file:///c:/users/admini~1/appdata/local/temp/tmpsrnabb/extensions/fxdriver@googlecode.com/components/driver-component.js:625)


        </pre>
    </div>
    <!--css div popup end-->

    </td>
</tr>

<tr id='ft1.21' class='none'>
    <td class='errorCase'><div class='testcase'>test_kdelete_Promotion: 删除促销</div></td>
    <td colspan='5' align='center'>

    <!--css div popup start-->
    <a class="popup_link" onfocus='this.blur();' href="javascript:showTestDetail('div_ft1.21')" >
        error</a>

    <div id='div_ft1.21' class="popup_window">
        <div style='text-align: right; color:red;cursor:pointer'>
        <a onfocus='this.blur();' onclick="document.getElementById('div_ft1.21').style.display = 'none' " >
           [x]</a>
        </div>
        <pre>
        
ft1.21: Traceback (most recent call last):
  File "D:\ISS\Test_Cases\thread4\test_OfflinePromotion.py", line 1114, in test_kdelete_Promotion
    self.searchbykey(code)
  File "D:\ISS\Test_Cases\thread4\test_OfflinePromotion.py", line 307, in searchbykey
    code=findCss(driver,"#content &gt; div.tabs-panels.tabs-panels-noborder &gt; div:nth-child(2) table.datagrid-btable  td[field='fdCode']").text
  File "D:\ISS\Test_Cases\public\isspublic.py", line 120, in findCss
    f=driver.find_element_by_css_selector(css)
  File "C:\Python27\lib\site-packages\selenium\webdriver\remote\webdriver.py", line 434, in find_element_by_css_selector
    return self.find_element(by=By.CSS_SELECTOR, value=css_selector)
  File "C:\Python27\lib\site-packages\selenium\webdriver\remote\webdriver.py", line 744, in find_element
    {'using': by, 'value': value})['value']
  File "C:\Python27\lib\site-packages\selenium\webdriver\remote\webdriver.py", line 233, in execute
    self.error_handler.check_response(response)
  File "C:\Python27\lib\site-packages\selenium\webdriver\remote\errorhandler.py", line 194, in check_response
    raise exception_class(message, screen, stacktrace)
NoSuchElementException: Message: Unable to locate element: {"method":"css selector","selector":"#content &gt; div.tabs-panels.tabs-panels-noborder &gt; div:nth-child(2) table.datagrid-btable  td[field='fdCode']"}
Stacktrace:
    at FirefoxDriver.prototype.findElementInternal_ (file:///c:/users/admini~1/appdata/local/temp/tmpkymazm/extensions/fxdriver@googlecode.com/components/driver-component.js:10770)
    at fxdriver.Timer.prototype.setTimeout/&lt;.notify (file:///c:/users/admini~1/appdata/local/temp/tmpkymazm/extensions/fxdriver@googlecode.com/components/driver-component.js:625)


        </pre>
    </div>
    <!--css div popup end-->

    </td>
</tr>

<tr id='ft1.22' class='none'>
    <td class='errorCase'><div class='testcase'>test_lmodify_ApprovalStatus: 修改审批状态</div></td>
    <td colspan='5' align='center'>

    <!--css div popup start-->
    <a class="popup_link" onfocus='this.blur();' href="javascript:showTestDetail('div_ft1.22')" >
        error</a>

    <div id='div_ft1.22' class="popup_window">
        <div style='text-align: right; color:red;cursor:pointer'>
        <a onfocus='this.blur();' onclick="document.getElementById('div_ft1.22').style.display = 'none' " >
           [x]</a>
        </div>
        <pre>
        
ft1.22: Traceback (most recent call last):
  File "D:\ISS\Test_Cases\thread4\test_OfflinePromotion.py", line 1132, in test_lmodify_ApprovalStatus
    self.test_0add_Promotion()
  File "D:\ISS\Test_Cases\thread4\test_OfflinePromotion.py", line 270, in test_0add_Promotion
    self.clickButton(u"ä¿å­")
  File "D:\ISS\Test_Cases\thread4\test_OfflinePromotion.py", line 156, in clickButton
    success=driver.find_element_by_css_selector("body &gt; div.panel.window.messager-window &gt; div.messager-body.panel-body.panel-body-noborder.window-body &gt; div:nth-child(2)")
  File "C:\Python27\lib\site-packages\selenium\webdriver\remote\webdriver.py", line 434, in find_element_by_css_selector
    return self.find_element(by=By.CSS_SELECTOR, value=css_selector)
  File "C:\Python27\lib\site-packages\selenium\webdriver\remote\webdriver.py", line 744, in find_element
    {'using': by, 'value': value})['value']
  File "C:\Python27\lib\site-packages\selenium\webdriver\remote\webdriver.py", line 233, in execute
    self.error_handler.check_response(response)
  File "C:\Python27\lib\site-packages\selenium\webdriver\remote\errorhandler.py", line 194, in check_response
    raise exception_class(message, screen, stacktrace)
NoSuchElementException: Message: Unable to locate element: {"method":"css selector","selector":"body &gt; div.panel.window.messager-window &gt; div.messager-body.panel-body.panel-body-noborder.window-body &gt; div:nth-child(2)"}
Stacktrace:
    at FirefoxDriver.prototype.findElementInternal_ (file:///c:/users/admini~1/appdata/local/temp/tmpaojlgq/extensions/fxdriver@googlecode.com/components/driver-component.js:10770)
    at fxdriver.Timer.prototype.setTimeout/&lt;.notify (file:///c:/users/admini~1/appdata/local/temp/tmpaojlgq/extensions/fxdriver@googlecode.com/components/driver-component.js:625)


        </pre>
    </div>
    <!--css div popup end-->

    </td>
</tr>

<tr class='failClass'>
    <td>test_OfflinePromotionRelation.test_OfflinePromotionRelation</td>
    <td>4</td>
    <td>3</td>
    <td>1</td>
    <td>0</td>
    <td><a href="javascript:showClassDetail('c2',4)">Detail</a></td>
</tr>

<tr id='pt2.1' class='hiddenRow'>
    <td class='none'><div class='testcase'>test_0search_byPromotionTheme: 按促销主题查找</div></td>
    <td colspan='5' align='center'>pass</td>
</tr>

<tr id='ft2.2' class='none'>
    <td class='failCase'><div class='testcase'>test_3search_byDocumentCode: 按单据编号查找</div></td>
    <td colspan='5' align='center'>

    <!--css div popup start-->
    <a class="popup_link" onfocus='this.blur();' href="javascript:showTestDetail('div_ft2.2')" >
        fail</a>

    <div id='div_ft2.2' class="popup_window">
        <div style='text-align: right; color:red;cursor:pointer'>
        <a onfocus='this.blur();' onclick="document.getElementById('div_ft2.2').style.display = 'none' " >
           [x]</a>
        </div>
        <pre>
        
ft2.2: Traceback (most recent call last):
  File "D:\ISS\Test_Cases\thread4\test_OfflinePromotionRelation.py", line 188, in test_3search_byDocumentCode
    self.searchassert(cd1s,cd2s,doc_code)
  File "D:\ISS\Test_Cases\thread4\test_OfflinePromotionRelation.py", line 120, in searchassert
    self.assertTrue(a,'Seach Failed!!!'+theme)
AssertionError: Seach Failed!!!PM201603240002


        </pre>
    </div>
    <!--css div popup end-->

    </td>
</tr>

<tr id='pt2.3' class='hiddenRow'>
    <td class='none'><div class='testcase'>test_4button_Mutual: 互容操作</div></td>
    <td colspan='5' align='center'>pass</td>
</tr>

<tr id='pt2.4' class='hiddenRow'>
    <td class='none'><div class='testcase'>test_5button_Mutex: 互斥操作</div></td>
    <td colspan='5' align='center'>pass</td>
</tr>

<tr class='errorClass'>
    <td>test_OnlinePromotion.test_OnlinePromotion</td>
    <td>23</td>
    <td>6</td>
    <td>1</td>
    <td>16</td>
    <td><a href="javascript:showClassDetail('c3',23)">Detail</a></td>
</tr>

<tr id='ft3.1' class='none'>
    <td class='failCase'><div class='testcase'>test_0add_Promotion: 添加促销</div></td>
    <td colspan='5' align='center'>

    <!--css div popup start-->
    <a class="popup_link" onfocus='this.blur();' href="javascript:showTestDetail('div_ft3.1')" >
        fail</a>

    <div id='div_ft3.1' class="popup_window">
        <div style='text-align: right; color:red;cursor:pointer'>
        <a onfocus='this.blur();' onclick="document.getElementById('div_ft3.1').style.display = 'none' " >
           [x]</a>
        </div>
        <pre>
        
ft3.1: Traceback (most recent call last):
  File "D:\ISS\Test_Cases\thread4\test_OnlinePromotion.py", line 271, in test_0add_Promotion
    self.clickButton(u"ä¿å­")
  File "D:\ISS\Test_Cases\thread4\test_OnlinePromotion.py", line 129, in clickButton
    self.Delete_And_Add_Assert('add')
  File "D:\ISS\Test_Cases\thread4\test_OnlinePromotion.py", line 82, in Delete_And_Add_Assert
    self.assertEqual(u"ä¿å­æåï¼",driver.find_element_by_css_selector("body &gt; div.panel.window.messager-window &gt; div.messager-body.panel-body.panel-body-noborder.window-body &gt; div:nth-child(2)").text)
AssertionError: u'\u4fdd\u5b58\u6210\u529f\uff01' != u'\u8bf7\u589e\u52a0\u65f6\u6bb5\u7ea6\u675f\u4fe1\u606f\uff01'
- ä¿å­æåï¼
+ è¯·å¢å æ¶æ®µçº¦æä¿¡æ¯ï¼



        </pre>
    </div>
    <!--css div popup end-->

    </td>
</tr>

<tr id='pt3.2' class='hiddenRow'>
    <td class='none'><div class='testcase'>test_1search_byKeyWord: 按关键字查找促销</div></td>
    <td colspan='5' align='center'>pass</td>
</tr>

<tr id='pt3.3' class='hiddenRow'>
    <td class='none'><div class='testcase'>test_2search_byActivityTime: 按活动时间查找</div></td>
    <td colspan='5' align='center'>pass</td>
</tr>

<tr id='pt3.4' class='hiddenRow'>
    <td class='none'><div class='testcase'>test_3search_byApplicableObject: 按适用对象查找</div></td>
    <td colspan='5' align='center'>pass</td>
</tr>

<tr id='pt3.5' class='hiddenRow'>
    <td class='none'><div class='testcase'>test_4search_byMakeDate: 按制单日期查找</div></td>
    <td colspan='5' align='center'>pass</td>
</tr>

<tr id='pt3.6' class='hiddenRow'>
    <td class='none'><div class='testcase'>test_5search_byIdentifyDocument: 按单据标识查找</div></td>
    <td colspan='5' align='center'>pass</td>
</tr>

<tr id='pt3.7' class='hiddenRow'>
    <td class='none'><div class='testcase'>test_6search_byPromotionType: 按促销类型查找</div></td>
    <td colspan='5' align='center'>pass</td>
</tr>

<tr id='ft3.8' class='none'>
    <td class='errorCase'><div class='testcase'>test_7modify_Promotion: 修改促销</div></td>
    <td colspan='5' align='center'>

    <!--css div popup start-->
    <a class="popup_link" onfocus='this.blur();' href="javascript:showTestDetail('div_ft3.8')" >
        error</a>

    <div id='div_ft3.8' class="popup_window">
        <div style='text-align: right; color:red;cursor:pointer'>
        <a onfocus='this.blur();' onclick="document.getElementById('div_ft3.8').style.display = 'none' " >
           [x]</a>
        </div>
        <pre>
        
ft3.8: Traceback (most recent call last):
  File "D:\ISS\Test_Cases\thread4\test_OnlinePromotion.py", line 565, in test_7modify_Promotion
    self.edit_Promotion()
  File "D:\ISS\Test_Cases\thread4\test_OnlinePromotion.py", line 537, in edit_Promotion
    self.searchbykey(code)
  File "D:\ISS\Test_Cases\thread4\test_OnlinePromotion.py", line 302, in searchbykey
    code=findCss(driver,"#content &gt; div.tabs-panels.tabs-panels-noborder &gt; div:nth-child(2) table.datagrid-btable  td[field='fdCode']").text
  File "D:\ISS\Test_Cases\public\isspublic.py", line 120, in findCss
    f=driver.find_element_by_css_selector(css)
  File "C:\Python27\lib\site-packages\selenium\webdriver\remote\webdriver.py", line 434, in find_element_by_css_selector
    return self.find_element(by=By.CSS_SELECTOR, value=css_selector)
  File "C:\Python27\lib\site-packages\selenium\webdriver\remote\webdriver.py", line 744, in find_element
    {'using': by, 'value': value})['value']
  File "C:\Python27\lib\site-packages\selenium\webdriver\remote\webdriver.py", line 233, in execute
    self.error_handler.check_response(response)
  File "C:\Python27\lib\site-packages\selenium\webdriver\remote\errorhandler.py", line 194, in check_response
    raise exception_class(message, screen, stacktrace)
NoSuchElementException: Message: Unable to locate element: {"method":"css selector","selector":"#content &gt; div.tabs-panels.tabs-panels-noborder &gt; div:nth-child(2) table.datagrid-btable  td[field='fdCode']"}
Stacktrace:
    at FirefoxDriver.prototype.findElementInternal_ (file:///c:/users/admini~1/appdata/local/temp/tmpcerokl/extensions/fxdriver@googlecode.com/components/driver-component.js:10770)
    at fxdriver.Timer.prototype.setTimeout/&lt;.notify (file:///c:/users/admini~1/appdata/local/temp/tmpcerokl/extensions/fxdriver@googlecode.com/components/driver-component.js:625)


        </pre>
    </div>
    <!--css div popup end-->

    </td>
</tr>

<tr id='ft3.9' class='none'>
    <td class='errorCase'><div class='testcase'>test_8modify_AddSuitObject: 添加适用对象</div></td>
    <td colspan='5' align='center'>

    <!--css div popup start-->
    <a class="popup_link" onfocus='this.blur();' href="javascript:showTestDetail('div_ft3.9')" >
        error</a>

    <div id='div_ft3.9' class="popup_window">
        <div style='text-align: right; color:red;cursor:pointer'>
        <a onfocus='this.blur();' onclick="document.getElementById('div_ft3.9').style.display = 'none' " >
           [x]</a>
        </div>
        <pre>
        
ft3.9: Traceback (most recent call last):
  File "D:\ISS\Test_Cases\thread4\test_OnlinePromotion.py", line 575, in test_8modify_AddSuitObject
    self.edit_Promotion()
  File "D:\ISS\Test_Cases\thread4\test_OnlinePromotion.py", line 537, in edit_Promotion
    self.searchbykey(code)
  File "D:\ISS\Test_Cases\thread4\test_OnlinePromotion.py", line 302, in searchbykey
    code=findCss(driver,"#content &gt; div.tabs-panels.tabs-panels-noborder &gt; div:nth-child(2) table.datagrid-btable  td[field='fdCode']").text
  File "D:\ISS\Test_Cases\public\isspublic.py", line 120, in findCss
    f=driver.find_element_by_css_selector(css)
  File "C:\Python27\lib\site-packages\selenium\webdriver\remote\webdriver.py", line 434, in find_element_by_css_selector
    return self.find_element(by=By.CSS_SELECTOR, value=css_selector)
  File "C:\Python27\lib\site-packages\selenium\webdriver\remote\webdriver.py", line 744, in find_element
    {'using': by, 'value': value})['value']
  File "C:\Python27\lib\site-packages\selenium\webdriver\remote\webdriver.py", line 233, in execute
    self.error_handler.check_response(response)
  File "C:\Python27\lib\site-packages\selenium\webdriver\remote\errorhandler.py", line 194, in check_response
    raise exception_class(message, screen, stacktrace)
NoSuchElementException: Message: Unable to locate element: {"method":"css selector","selector":"#content &gt; div.tabs-panels.tabs-panels-noborder &gt; div:nth-child(2) table.datagrid-btable  td[field='fdCode']"}
Stacktrace:
    at FirefoxDriver.prototype.findElementInternal_ (file:///c:/users/admini~1/appdata/local/temp/tmpgkhxgs/extensions/fxdriver@googlecode.com/components/driver-component.js:10770)
    at fxdriver.Timer.prototype.setTimeout/&lt;.notify (file:///c:/users/admini~1/appdata/local/temp/tmpgkhxgs/extensions/fxdriver@googlecode.com/components/driver-component.js:625)


        </pre>
    </div>
    <!--css div popup end-->

    </td>
</tr>

<tr id='ft3.10' class='none'>
    <td class='errorCase'><div class='testcase'>test_9modify_DeleteSuitObject: 删除适用对象</div></td>
    <td colspan='5' align='center'>

    <!--css div popup start-->
    <a class="popup_link" onfocus='this.blur();' href="javascript:showTestDetail('div_ft3.10')" >
        error</a>

    <div id='div_ft3.10' class="popup_window">
        <div style='text-align: right; color:red;cursor:pointer'>
        <a onfocus='this.blur();' onclick="document.getElementById('div_ft3.10').style.display = 'none' " >
           [x]</a>
        </div>
        <pre>
        
ft3.10: Traceback (most recent call last):
  File "D:\ISS\Test_Cases\thread4\test_OnlinePromotion.py", line 615, in test_9modify_DeleteSuitObject
    self.edit_Promotion()
  File "D:\ISS\Test_Cases\thread4\test_OnlinePromotion.py", line 537, in edit_Promotion
    self.searchbykey(code)
  File "D:\ISS\Test_Cases\thread4\test_OnlinePromotion.py", line 302, in searchbykey
    code=findCss(driver,"#content &gt; div.tabs-panels.tabs-panels-noborder &gt; div:nth-child(2) table.datagrid-btable  td[field='fdCode']").text
  File "D:\ISS\Test_Cases\public\isspublic.py", line 120, in findCss
    f=driver.find_element_by_css_selector(css)
  File "C:\Python27\lib\site-packages\selenium\webdriver\remote\webdriver.py", line 434, in find_element_by_css_selector
    return self.find_element(by=By.CSS_SELECTOR, value=css_selector)
  File "C:\Python27\lib\site-packages\selenium\webdriver\remote\webdriver.py", line 744, in find_element
    {'using': by, 'value': value})['value']
  File "C:\Python27\lib\site-packages\selenium\webdriver\remote\webdriver.py", line 233, in execute
    self.error_handler.check_response(response)
  File "C:\Python27\lib\site-packages\selenium\webdriver\remote\errorhandler.py", line 194, in check_response
    raise exception_class(message, screen, stacktrace)
NoSuchElementException: Message: Unable to locate element: {"method":"css selector","selector":"#content &gt; div.tabs-panels.tabs-panels-noborder &gt; div:nth-child(2) table.datagrid-btable  td[field='fdCode']"}
Stacktrace:
    at FirefoxDriver.prototype.findElementInternal_ (file:///c:/users/admini~1/appdata/local/temp/tmpatwygf/extensions/fxdriver@googlecode.com/components/driver-component.js:10770)
    at fxdriver.Timer.prototype.setTimeout/&lt;.notify (file:///c:/users/admini~1/appdata/local/temp/tmpatwygf/extensions/fxdriver@googlecode.com/components/driver-component.js:625)


        </pre>
    </div>
    <!--css div popup end-->

    </td>
</tr>

<tr id='ft3.11' class='none'>
    <td class='errorCase'><div class='testcase'>test_amodify_Add_TimeConstraint: 添加时段约束</div></td>
    <td colspan='5' align='center'>

    <!--css div popup start-->
    <a class="popup_link" onfocus='this.blur();' href="javascript:showTestDetail('div_ft3.11')" >
        error</a>

    <div id='div_ft3.11' class="popup_window">
        <div style='text-align: right; color:red;cursor:pointer'>
        <a onfocus='this.blur();' onclick="document.getElementById('div_ft3.11').style.display = 'none' " >
           [x]</a>
        </div>
        <pre>
        
ft3.11: Traceback (most recent call last):
  File "D:\ISS\Test_Cases\thread4\test_OnlinePromotion.py", line 638, in test_amodify_Add_TimeConstraint
    self.edit_Promotion()
  File "D:\ISS\Test_Cases\thread4\test_OnlinePromotion.py", line 537, in edit_Promotion
    self.searchbykey(code)
  File "D:\ISS\Test_Cases\thread4\test_OnlinePromotion.py", line 302, in searchbykey
    code=findCss(driver,"#content &gt; div.tabs-panels.tabs-panels-noborder &gt; div:nth-child(2) table.datagrid-btable  td[field='fdCode']").text
  File "D:\ISS\Test_Cases\public\isspublic.py", line 120, in findCss
    f=driver.find_element_by_css_selector(css)
  File "C:\Python27\lib\site-packages\selenium\webdriver\remote\webdriver.py", line 434, in find_element_by_css_selector
    return self.find_element(by=By.CSS_SELECTOR, value=css_selector)
  File "C:\Python27\lib\site-packages\selenium\webdriver\remote\webdriver.py", line 744, in find_element
    {'using': by, 'value': value})['value']
  File "C:\Python27\lib\site-packages\selenium\webdriver\remote\webdriver.py", line 233, in execute
    self.error_handler.check_response(response)
  File "C:\Python27\lib\site-packages\selenium\webdriver\remote\errorhandler.py", line 194, in check_response
    raise exception_class(message, screen, stacktrace)
NoSuchElementException: Message: Unable to locate element: {"method":"css selector","selector":"#content &gt; div.tabs-panels.tabs-panels-noborder &gt; div:nth-child(2) table.datagrid-btable  td[field='fdCode']"}
Stacktrace:
    at FirefoxDriver.prototype.findElementInternal_ (file:///c:/users/admini~1/appdata/local/temp/tmp5epuyi/extensions/fxdriver@googlecode.com/components/driver-component.js:10770)
    at fxdriver.Timer.prototype.setTimeout/&lt;.notify (file:///c:/users/admini~1/appdata/local/temp/tmp5epuyi/extensions/fxdriver@googlecode.com/components/driver-component.js:625)


        </pre>
    </div>
    <!--css div popup end-->

    </td>
</tr>

<tr id='ft3.12' class='none'>
    <td class='errorCase'><div class='testcase'>test_bmodify_Delete_TimeConstraint: 删除时段约束</div></td>
    <td colspan='5' align='center'>

    <!--css div popup start-->
    <a class="popup_link" onfocus='this.blur();' href="javascript:showTestDetail('div_ft3.12')" >
        error</a>

    <div id='div_ft3.12' class="popup_window">
        <div style='text-align: right; color:red;cursor:pointer'>
        <a onfocus='this.blur();' onclick="document.getElementById('div_ft3.12').style.display = 'none' " >
           [x]</a>
        </div>
        <pre>
        
ft3.12: Traceback (most recent call last):
  File "D:\ISS\Test_Cases\thread4\test_OnlinePromotion.py", line 677, in test_bmodify_Delete_TimeConstraint
    self.edit_Promotion()
  File "D:\ISS\Test_Cases\thread4\test_OnlinePromotion.py", line 537, in edit_Promotion
    self.searchbykey(code)
  File "D:\ISS\Test_Cases\thread4\test_OnlinePromotion.py", line 302, in searchbykey
    code=findCss(driver,"#content &gt; div.tabs-panels.tabs-panels-noborder &gt; div:nth-child(2) table.datagrid-btable  td[field='fdCode']").text
  File "D:\ISS\Test_Cases\public\isspublic.py", line 120, in findCss
    f=driver.find_element_by_css_selector(css)
  File "C:\Python27\lib\site-packages\selenium\webdriver\remote\webdriver.py", line 434, in find_element_by_css_selector
    return self.find_element(by=By.CSS_SELECTOR, value=css_selector)
  File "C:\Python27\lib\site-packages\selenium\webdriver\remote\webdriver.py", line 744, in find_element
    {'using': by, 'value': value})['value']
  File "C:\Python27\lib\site-packages\selenium\webdriver\remote\webdriver.py", line 233, in execute
    self.error_handler.check_response(response)
  File "C:\Python27\lib\site-packages\selenium\webdriver\remote\errorhandler.py", line 194, in check_response
    raise exception_class(message, screen, stacktrace)
NoSuchElementException: Message: Unable to locate element: {"method":"css selector","selector":"#content &gt; div.tabs-panels.tabs-panels-noborder &gt; div:nth-child(2) table.datagrid-btable  td[field='fdCode']"}
Stacktrace:
    at FirefoxDriver.prototype.findElementInternal_ (file:///c:/users/admini~1/appdata/local/temp/tmpeh4qos/extensions/fxdriver@googlecode.com/components/driver-component.js:10770)
    at fxdriver.Timer.prototype.setTimeout/&lt;.notify (file:///c:/users/admini~1/appdata/local/temp/tmpeh4qos/extensions/fxdriver@googlecode.com/components/driver-component.js:625)


        </pre>
    </div>
    <!--css div popup end-->

    </td>
</tr>

<tr id='ft3.13' class='none'>
    <td class='errorCase'><div class='testcase'>test_cmodify_AddPromotion_com: 添加促销商品</div></td>
    <td colspan='5' align='center'>

    <!--css div popup start-->
    <a class="popup_link" onfocus='this.blur();' href="javascript:showTestDetail('div_ft3.13')" >
        error</a>

    <div id='div_ft3.13' class="popup_window">
        <div style='text-align: right; color:red;cursor:pointer'>
        <a onfocus='this.blur();' onclick="document.getElementById('div_ft3.13').style.display = 'none' " >
           [x]</a>
        </div>
        <pre>
        
ft3.13: Traceback (most recent call last):
  File "D:\ISS\Test_Cases\thread4\test_OnlinePromotion.py", line 709, in test_cmodify_AddPromotion_com
    self.edit_Promotion()
  File "D:\ISS\Test_Cases\thread4\test_OnlinePromotion.py", line 537, in edit_Promotion
    self.searchbykey(code)
  File "D:\ISS\Test_Cases\thread4\test_OnlinePromotion.py", line 302, in searchbykey
    code=findCss(driver,"#content &gt; div.tabs-panels.tabs-panels-noborder &gt; div:nth-child(2) table.datagrid-btable  td[field='fdCode']").text
  File "D:\ISS\Test_Cases\public\isspublic.py", line 120, in findCss
    f=driver.find_element_by_css_selector(css)
  File "C:\Python27\lib\site-packages\selenium\webdriver\remote\webdriver.py", line 434, in find_element_by_css_selector
    return self.find_element(by=By.CSS_SELECTOR, value=css_selector)
  File "C:\Python27\lib\site-packages\selenium\webdriver\remote\webdriver.py", line 744, in find_element
    {'using': by, 'value': value})['value']
  File "C:\Python27\lib\site-packages\selenium\webdriver\remote\webdriver.py", line 233, in execute
    self.error_handler.check_response(response)
  File "C:\Python27\lib\site-packages\selenium\webdriver\remote\errorhandler.py", line 194, in check_response
    raise exception_class(message, screen, stacktrace)
NoSuchElementException: Message: Unable to locate element: {"method":"css selector","selector":"#content &gt; div.tabs-panels.tabs-panels-noborder &gt; div:nth-child(2) table.datagrid-btable  td[field='fdCode']"}
Stacktrace:
    at FirefoxDriver.prototype.findElementInternal_ (file:///c:/users/admini~1/appdata/local/temp/tmpookknx/extensions/fxdriver@googlecode.com/components/driver-component.js:10770)
    at fxdriver.Timer.prototype.setTimeout/&lt;.notify (file:///c:/users/admini~1/appdata/local/temp/tmpookknx/extensions/fxdriver@googlecode.com/components/driver-component.js:625)


        </pre>
    </div>
    <!--css div popup end-->

    </td>
</tr>

<tr id='ft3.14' class='none'>
    <td class='errorCase'><div class='testcase'>test_dmodify_DeletePromotion_com: 删除促销商品</div></td>
    <td colspan='5' align='center'>

    <!--css div popup start-->
    <a class="popup_link" onfocus='this.blur();' href="javascript:showTestDetail('div_ft3.14')" >
        error</a>

    <div id='div_ft3.14' class="popup_window">
        <div style='text-align: right; color:red;cursor:pointer'>
        <a onfocus='this.blur();' onclick="document.getElementById('div_ft3.14').style.display = 'none' " >
           [x]</a>
        </div>
        <pre>
        
ft3.14: Traceback (most recent call last):
  File "D:\ISS\Test_Cases\thread4\test_OnlinePromotion.py", line 783, in test_dmodify_DeletePromotion_com
    self.edit_Promotion()
  File "D:\ISS\Test_Cases\thread4\test_OnlinePromotion.py", line 537, in edit_Promotion
    self.searchbykey(code)
  File "D:\ISS\Test_Cases\thread4\test_OnlinePromotion.py", line 302, in searchbykey
    code=findCss(driver,"#content &gt; div.tabs-panels.tabs-panels-noborder &gt; div:nth-child(2) table.datagrid-btable  td[field='fdCode']").text
  File "D:\ISS\Test_Cases\public\isspublic.py", line 120, in findCss
    f=driver.find_element_by_css_selector(css)
  File "C:\Python27\lib\site-packages\selenium\webdriver\remote\webdriver.py", line 434, in find_element_by_css_selector
    return self.find_element(by=By.CSS_SELECTOR, value=css_selector)
  File "C:\Python27\lib\site-packages\selenium\webdriver\remote\webdriver.py", line 744, in find_element
    {'using': by, 'value': value})['value']
  File "C:\Python27\lib\site-packages\selenium\webdriver\remote\webdriver.py", line 233, in execute
    self.error_handler.check_response(response)
  File "C:\Python27\lib\site-packages\selenium\webdriver\remote\errorhandler.py", line 194, in check_response
    raise exception_class(message, screen, stacktrace)
NoSuchElementException: Message: Unable to locate element: {"method":"css selector","selector":"#content &gt; div.tabs-panels.tabs-panels-noborder &gt; div:nth-child(2) table.datagrid-btable  td[field='fdCode']"}
Stacktrace:
    at FirefoxDriver.prototype.findElementInternal_ (file:///c:/users/admini~1/appdata/local/temp/tmphmoziv/extensions/fxdriver@googlecode.com/components/driver-component.js:10770)
    at fxdriver.Timer.prototype.setTimeout/&lt;.notify (file:///c:/users/admini~1/appdata/local/temp/tmphmoziv/extensions/fxdriver@googlecode.com/components/driver-component.js:625)


        </pre>
    </div>
    <!--css div popup end-->

    </td>
</tr>

<tr id='ft3.15' class='none'>
    <td class='errorCase'><div class='testcase'>test_emodify_AddRedemption_com: 添加换购品</div></td>
    <td colspan='5' align='center'>

    <!--css div popup start-->
    <a class="popup_link" onfocus='this.blur();' href="javascript:showTestDetail('div_ft3.15')" >
        error</a>

    <div id='div_ft3.15' class="popup_window">
        <div style='text-align: right; color:red;cursor:pointer'>
        <a onfocus='this.blur();' onclick="document.getElementById('div_ft3.15').style.display = 'none' " >
           [x]</a>
        </div>
        <pre>
        
ft3.15: Traceback (most recent call last):
  File "D:\ISS\Test_Cases\thread4\test_OnlinePromotion.py", line 829, in test_emodify_AddRedemption_com
    self.edit_Promotion()
  File "D:\ISS\Test_Cases\thread4\test_OnlinePromotion.py", line 537, in edit_Promotion
    self.searchbykey(code)
  File "D:\ISS\Test_Cases\thread4\test_OnlinePromotion.py", line 302, in searchbykey
    code=findCss(driver,"#content &gt; div.tabs-panels.tabs-panels-noborder &gt; div:nth-child(2) table.datagrid-btable  td[field='fdCode']").text
  File "D:\ISS\Test_Cases\public\isspublic.py", line 120, in findCss
    f=driver.find_element_by_css_selector(css)
  File "C:\Python27\lib\site-packages\selenium\webdriver\remote\webdriver.py", line 434, in find_element_by_css_selector
    return self.find_element(by=By.CSS_SELECTOR, value=css_selector)
  File "C:\Python27\lib\site-packages\selenium\webdriver\remote\webdriver.py", line 744, in find_element
    {'using': by, 'value': value})['value']
  File "C:\Python27\lib\site-packages\selenium\webdriver\remote\webdriver.py", line 233, in execute
    self.error_handler.check_response(response)
  File "C:\Python27\lib\site-packages\selenium\webdriver\remote\errorhandler.py", line 194, in check_response
    raise exception_class(message, screen, stacktrace)
NoSuchElementException: Message: Unable to locate element: {"method":"css selector","selector":"#content &gt; div.tabs-panels.tabs-panels-noborder &gt; div:nth-child(2) table.datagrid-btable  td[field='fdCode']"}
Stacktrace:
    at FirefoxDriver.prototype.findElementInternal_ (file:///c:/users/admini~1/appdata/local/temp/tmpb7erpj/extensions/fxdriver@googlecode.com/components/driver-component.js:10770)
    at fxdriver.Timer.prototype.setTimeout/&lt;.notify (file:///c:/users/admini~1/appdata/local/temp/tmpb7erpj/extensions/fxdriver@googlecode.com/components/driver-component.js:625)


        </pre>
    </div>
    <!--css div popup end-->

    </td>
</tr>

<tr id='ft3.16' class='none'>
    <td class='errorCase'><div class='testcase'>test_fmodify_DeleteRedemption_com: 删除换购品</div></td>
    <td colspan='5' align='center'>

    <!--css div popup start-->
    <a class="popup_link" onfocus='this.blur();' href="javascript:showTestDetail('div_ft3.16')" >
        error</a>

    <div id='div_ft3.16' class="popup_window">
        <div style='text-align: right; color:red;cursor:pointer'>
        <a onfocus='this.blur();' onclick="document.getElementById('div_ft3.16').style.display = 'none' " >
           [x]</a>
        </div>
        <pre>
        
ft3.16: Traceback (most recent call last):
  File "D:\ISS\Test_Cases\thread4\test_OnlinePromotion.py", line 907, in test_fmodify_DeleteRedemption_com
    self.edit_Promotion()
  File "D:\ISS\Test_Cases\thread4\test_OnlinePromotion.py", line 537, in edit_Promotion
    self.searchbykey(code)
  File "D:\ISS\Test_Cases\thread4\test_OnlinePromotion.py", line 302, in searchbykey
    code=findCss(driver,"#content &gt; div.tabs-panels.tabs-panels-noborder &gt; div:nth-child(2) table.datagrid-btable  td[field='fdCode']").text
  File "D:\ISS\Test_Cases\public\isspublic.py", line 120, in findCss
    f=driver.find_element_by_css_selector(css)
  File "C:\Python27\lib\site-packages\selenium\webdriver\remote\webdriver.py", line 434, in find_element_by_css_selector
    return self.find_element(by=By.CSS_SELECTOR, value=css_selector)
  File "C:\Python27\lib\site-packages\selenium\webdriver\remote\webdriver.py", line 744, in find_element
    {'using': by, 'value': value})['value']
  File "C:\Python27\lib\site-packages\selenium\webdriver\remote\webdriver.py", line 233, in execute
    self.error_handler.check_response(response)
  File "C:\Python27\lib\site-packages\selenium\webdriver\remote\errorhandler.py", line 194, in check_response
    raise exception_class(message, screen, stacktrace)
NoSuchElementException: Message: Unable to locate element: {"method":"css selector","selector":"#content &gt; div.tabs-panels.tabs-panels-noborder &gt; div:nth-child(2) table.datagrid-btable  td[field='fdCode']"}
Stacktrace:
    at FirefoxDriver.prototype.findElementInternal_ (file:///c:/users/admini~1/appdata/local/temp/tmpybisbo/extensions/fxdriver@googlecode.com/components/driver-component.js:10770)
    at fxdriver.Timer.prototype.setTimeout/&lt;.notify (file:///c:/users/admini~1/appdata/local/temp/tmpybisbo/extensions/fxdriver@googlecode.com/components/driver-component.js:625)


        </pre>
    </div>
    <!--css div popup end-->

    </td>
</tr>

<tr id='ft3.17' class='none'>
    <td class='errorCase'><div class='testcase'>test_gmodify_AddDonation: 添加赠品</div></td>
    <td colspan='5' align='center'>

    <!--css div popup start-->
    <a class="popup_link" onfocus='this.blur();' href="javascript:showTestDetail('div_ft3.17')" >
        error</a>

    <div id='div_ft3.17' class="popup_window">
        <div style='text-align: right; color:red;cursor:pointer'>
        <a onfocus='this.blur();' onclick="document.getElementById('div_ft3.17').style.display = 'none' " >
           [x]</a>
        </div>
        <pre>
        
ft3.17: Traceback (most recent call last):
  File "D:\ISS\Test_Cases\thread4\test_OnlinePromotion.py", line 954, in test_gmodify_AddDonation
    self.edit_Promotion()
  File "D:\ISS\Test_Cases\thread4\test_OnlinePromotion.py", line 537, in edit_Promotion
    self.searchbykey(code)
  File "D:\ISS\Test_Cases\thread4\test_OnlinePromotion.py", line 302, in searchbykey
    code=findCss(driver,"#content &gt; div.tabs-panels.tabs-panels-noborder &gt; div:nth-child(2) table.datagrid-btable  td[field='fdCode']").text
  File "D:\ISS\Test_Cases\public\isspublic.py", line 120, in findCss
    f=driver.find_element_by_css_selector(css)
  File "C:\Python27\lib\site-packages\selenium\webdriver\remote\webdriver.py", line 434, in find_element_by_css_selector
    return self.find_element(by=By.CSS_SELECTOR, value=css_selector)
  File "C:\Python27\lib\site-packages\selenium\webdriver\remote\webdriver.py", line 744, in find_element
    {'using': by, 'value': value})['value']
  File "C:\Python27\lib\site-packages\selenium\webdriver\remote\webdriver.py", line 233, in execute
    self.error_handler.check_response(response)
  File "C:\Python27\lib\site-packages\selenium\webdriver\remote\errorhandler.py", line 194, in check_response
    raise exception_class(message, screen, stacktrace)
NoSuchElementException: Message: Unable to locate element: {"method":"css selector","selector":"#content &gt; div.tabs-panels.tabs-panels-noborder &gt; div:nth-child(2) table.datagrid-btable  td[field='fdCode']"}
Stacktrace:
    at FirefoxDriver.prototype.findElementInternal_ (file:///c:/users/admini~1/appdata/local/temp/tmphwb5vd/extensions/fxdriver@googlecode.com/components/driver-component.js:10770)
    at fxdriver.Timer.prototype.setTimeout/&lt;.notify (file:///c:/users/admini~1/appdata/local/temp/tmphwb5vd/extensions/fxdriver@googlecode.com/components/driver-component.js:625)


        </pre>
    </div>
    <!--css div popup end-->

    </td>
</tr>

<tr id='ft3.18' class='none'>
    <td class='errorCase'><div class='testcase'>test_hmodify_DeleteDonation: 删除赠品</div></td>
    <td colspan='5' align='center'>

    <!--css div popup start-->
    <a class="popup_link" onfocus='this.blur();' href="javascript:showTestDetail('div_ft3.18')" >
        error</a>

    <div id='div_ft3.18' class="popup_window">
        <div style='text-align: right; color:red;cursor:pointer'>
        <a onfocus='this.blur();' onclick="document.getElementById('div_ft3.18').style.display = 'none' " >
           [x]</a>
        </div>
        <pre>
        
ft3.18: Traceback (most recent call last):
  File "D:\ISS\Test_Cases\thread4\test_OnlinePromotion.py", line 1034, in test_hmodify_DeleteDonation
    self.edit_Promotion()
  File "D:\ISS\Test_Cases\thread4\test_OnlinePromotion.py", line 537, in edit_Promotion
    self.searchbykey(code)
  File "D:\ISS\Test_Cases\thread4\test_OnlinePromotion.py", line 302, in searchbykey
    code=findCss(driver,"#content &gt; div.tabs-panels.tabs-panels-noborder &gt; div:nth-child(2) table.datagrid-btable  td[field='fdCode']").text
  File "D:\ISS\Test_Cases\public\isspublic.py", line 120, in findCss
    f=driver.find_element_by_css_selector(css)
  File "C:\Python27\lib\site-packages\selenium\webdriver\remote\webdriver.py", line 434, in find_element_by_css_selector
    return self.find_element(by=By.CSS_SELECTOR, value=css_selector)
  File "C:\Python27\lib\site-packages\selenium\webdriver\remote\webdriver.py", line 744, in find_element
    {'using': by, 'value': value})['value']
  File "C:\Python27\lib\site-packages\selenium\webdriver\remote\webdriver.py", line 233, in execute
    self.error_handler.check_response(response)
  File "C:\Python27\lib\site-packages\selenium\webdriver\remote\errorhandler.py", line 194, in check_response
    raise exception_class(message, screen, stacktrace)
NoSuchElementException: Message: Unable to locate element: {"method":"css selector","selector":"#content &gt; div.tabs-panels.tabs-panels-noborder &gt; div:nth-child(2) table.datagrid-btable  td[field='fdCode']"}
Stacktrace:
    at FirefoxDriver.prototype.findElementInternal_ (file:///c:/users/admini~1/appdata/local/temp/tmpd36ot7/extensions/fxdriver@googlecode.com/components/driver-component.js:10770)
    at fxdriver.Timer.prototype.setTimeout/&lt;.notify (file:///c:/users/admini~1/appdata/local/temp/tmpd36ot7/extensions/fxdriver@googlecode.com/components/driver-component.js:625)


        </pre>
    </div>
    <!--css div popup end-->

    </td>
</tr>

<tr id='ft3.19' class='none'>
    <td class='errorCase'><div class='testcase'>test_imodify_AddTriggerPoint: 添加业务触发点</div></td>
    <td colspan='5' align='center'>

    <!--css div popup start-->
    <a class="popup_link" onfocus='this.blur();' href="javascript:showTestDetail('div_ft3.19')" >
        error</a>

    <div id='div_ft3.19' class="popup_window">
        <div style='text-align: right; color:red;cursor:pointer'>
        <a onfocus='this.blur();' onclick="document.getElementById('div_ft3.19').style.display = 'none' " >
           [x]</a>
        </div>
        <pre>
        
ft3.19: Traceback (most recent call last):
  File "D:\ISS\Test_Cases\thread4\test_OnlinePromotion.py", line 1079, in test_imodify_AddTriggerPoint
    self.edit_Promotion()
  File "D:\ISS\Test_Cases\thread4\test_OnlinePromotion.py", line 537, in edit_Promotion
    self.searchbykey(code)
  File "D:\ISS\Test_Cases\thread4\test_OnlinePromotion.py", line 302, in searchbykey
    code=findCss(driver,"#content &gt; div.tabs-panels.tabs-panels-noborder &gt; div:nth-child(2) table.datagrid-btable  td[field='fdCode']").text
  File "D:\ISS\Test_Cases\public\isspublic.py", line 120, in findCss
    f=driver.find_element_by_css_selector(css)
  File "C:\Python27\lib\site-packages\selenium\webdriver\remote\webdriver.py", line 434, in find_element_by_css_selector
    return self.find_element(by=By.CSS_SELECTOR, value=css_selector)
  File "C:\Python27\lib\site-packages\selenium\webdriver\remote\webdriver.py", line 744, in find_element
    {'using': by, 'value': value})['value']
  File "C:\Python27\lib\site-packages\selenium\webdriver\remote\webdriver.py", line 233, in execute
    self.error_handler.check_response(response)
  File "C:\Python27\lib\site-packages\selenium\webdriver\remote\errorhandler.py", line 194, in check_response
    raise exception_class(message, screen, stacktrace)
NoSuchElementException: Message: Unable to locate element: {"method":"css selector","selector":"#content &gt; div.tabs-panels.tabs-panels-noborder &gt; div:nth-child(2) table.datagrid-btable  td[field='fdCode']"}
Stacktrace:
    at FirefoxDriver.prototype.findElementInternal_ (file:///c:/users/admini~1/appdata/local/temp/tmp10o4gf/extensions/fxdriver@googlecode.com/components/driver-component.js:10770)
    at fxdriver.Timer.prototype.setTimeout/&lt;.notify (file:///c:/users/admini~1/appdata/local/temp/tmp10o4gf/extensions/fxdriver@googlecode.com/components/driver-component.js:625)


        </pre>
    </div>
    <!--css div popup end-->

    </td>
</tr>

<tr id='ft3.20' class='none'>
    <td class='errorCase'><div class='testcase'>test_jmodify_DeleteTriggerPoint: 删除业务触发点</div></td>
    <td colspan='5' align='center'>

    <!--css div popup start-->
    <a class="popup_link" onfocus='this.blur();' href="javascript:showTestDetail('div_ft3.20')" >
        error</a>

    <div id='div_ft3.20' class="popup_window">
        <div style='text-align: right; color:red;cursor:pointer'>
        <a onfocus='this.blur();' onclick="document.getElementById('div_ft3.20').style.display = 'none' " >
           [x]</a>
        </div>
        <pre>
        
ft3.20: Traceback (most recent call last):
  File "D:\ISS\Test_Cases\thread4\test_OnlinePromotion.py", line 1150, in test_jmodify_DeleteTriggerPoint
    self.edit_Promotion()
  File "D:\ISS\Test_Cases\thread4\test_OnlinePromotion.py", line 537, in edit_Promotion
    self.searchbykey(code)
  File "D:\ISS\Test_Cases\thread4\test_OnlinePromotion.py", line 302, in searchbykey
    code=findCss(driver,"#content &gt; div.tabs-panels.tabs-panels-noborder &gt; div:nth-child(2) table.datagrid-btable  td[field='fdCode']").text
  File "D:\ISS\Test_Cases\public\isspublic.py", line 120, in findCss
    f=driver.find_element_by_css_selector(css)
  File "C:\Python27\lib\site-packages\selenium\webdriver\remote\webdriver.py", line 434, in find_element_by_css_selector
    return self.find_element(by=By.CSS_SELECTOR, value=css_selector)
  File "C:\Python27\lib\site-packages\selenium\webdriver\remote\webdriver.py", line 744, in find_element
    {'using': by, 'value': value})['value']
  File "C:\Python27\lib\site-packages\selenium\webdriver\remote\webdriver.py", line 233, in execute
    self.error_handler.check_response(response)
  File "C:\Python27\lib\site-packages\selenium\webdriver\remote\errorhandler.py", line 194, in check_response
    raise exception_class(message, screen, stacktrace)
NoSuchElementException: Message: Unable to locate element: {"method":"css selector","selector":"#content &gt; div.tabs-panels.tabs-panels-noborder &gt; div:nth-child(2) table.datagrid-btable  td[field='fdCode']"}
Stacktrace:
    at FirefoxDriver.prototype.findElementInternal_ (file:///c:/users/admini~1/appdata/local/temp/tmplegiqc/extensions/fxdriver@googlecode.com/components/driver-component.js:10770)
    at fxdriver.Timer.prototype.setTimeout/&lt;.notify (file:///c:/users/admini~1/appdata/local/temp/tmplegiqc/extensions/fxdriver@googlecode.com/components/driver-component.js:625)


        </pre>
    </div>
    <!--css div popup end-->

    </td>
</tr>

<tr id='ft3.21' class='none'>
    <td class='errorCase'><div class='testcase'>test_kmodify_AddPayment: 添加结算方式</div></td>
    <td colspan='5' align='center'>

    <!--css div popup start-->
    <a class="popup_link" onfocus='this.blur();' href="javascript:showTestDetail('div_ft3.21')" >
        error</a>

    <div id='div_ft3.21' class="popup_window">
        <div style='text-align: right; color:red;cursor:pointer'>
        <a onfocus='this.blur();' onclick="document.getElementById('div_ft3.21').style.display = 'none' " >
           [x]</a>
        </div>
        <pre>
        
ft3.21: Traceback (most recent call last):
  File "D:\ISS\Test_Cases\thread4\test_OnlinePromotion.py", line 1181, in test_kmodify_AddPayment
    self.edit_Promotion()
  File "D:\ISS\Test_Cases\thread4\test_OnlinePromotion.py", line 537, in edit_Promotion
    self.searchbykey(code)
  File "D:\ISS\Test_Cases\thread4\test_OnlinePromotion.py", line 302, in searchbykey
    code=findCss(driver,"#content &gt; div.tabs-panels.tabs-panels-noborder &gt; div:nth-child(2) table.datagrid-btable  td[field='fdCode']").text
  File "D:\ISS\Test_Cases\public\isspublic.py", line 120, in findCss
    f=driver.find_element_by_css_selector(css)
  File "C:\Python27\lib\site-packages\selenium\webdriver\remote\webdriver.py", line 434, in find_element_by_css_selector
    return self.find_element(by=By.CSS_SELECTOR, value=css_selector)
  File "C:\Python27\lib\site-packages\selenium\webdriver\remote\webdriver.py", line 744, in find_element
    {'using': by, 'value': value})['value']
  File "C:\Python27\lib\site-packages\selenium\webdriver\remote\webdriver.py", line 233, in execute
    self.error_handler.check_response(response)
  File "C:\Python27\lib\site-packages\selenium\webdriver\remote\errorhandler.py", line 194, in check_response
    raise exception_class(message, screen, stacktrace)
NoSuchElementException: Message: Unable to locate element: {"method":"css selector","selector":"#content &gt; div.tabs-panels.tabs-panels-noborder &gt; div:nth-child(2) table.datagrid-btable  td[field='fdCode']"}
Stacktrace:
    at FirefoxDriver.prototype.findElementInternal_ (file:///c:/users/admini~1/appdata/local/temp/tmpjxvijq/extensions/fxdriver@googlecode.com/components/driver-component.js:10770)
    at fxdriver.Timer.prototype.setTimeout/&lt;.notify (file:///c:/users/admini~1/appdata/local/temp/tmpjxvijq/extensions/fxdriver@googlecode.com/components/driver-component.js:625)


        </pre>
    </div>
    <!--css div popup end-->

    </td>
</tr>

<tr id='ft3.22' class='none'>
    <td class='errorCase'><div class='testcase'>test_ldelete_DeletePayment: 删除结算方式</div></td>
    <td colspan='5' align='center'>

    <!--css div popup start-->
    <a class="popup_link" onfocus='this.blur();' href="javascript:showTestDetail('div_ft3.22')" >
        error</a>

    <div id='div_ft3.22' class="popup_window">
        <div style='text-align: right; color:red;cursor:pointer'>
        <a onfocus='this.blur();' onclick="document.getElementById('div_ft3.22').style.display = 'none' " >
           [x]</a>
        </div>
        <pre>
        
ft3.22: Traceback (most recent call last):
  File "D:\ISS\Test_Cases\thread4\test_OnlinePromotion.py", line 1221, in test_ldelete_DeletePayment
    self.edit_Promotion()
  File "D:\ISS\Test_Cases\thread4\test_OnlinePromotion.py", line 533, in edit_Promotion
    self.to_OnlinePromotion()
  File "D:\ISS\Test_Cases\thread4\test_OnlinePromotion.py", line 49, in to_OnlinePromotion
    login.login(self,username,password)
  File "D:\ISS\Test_Cases\public\login.py", line 6, in login
    driver.find_element_by_name("stmUserPwd.fdName").send_keys(username)
  File "C:\Python27\lib\site-packages\selenium\webdriver\remote\webdriver.py", line 362, in find_element_by_name
    return self.find_element(by=By.NAME, value=name)
  File "C:\Python27\lib\site-packages\selenium\webdriver\remote\webdriver.py", line 744, in find_element
    {'using': by, 'value': value})['value']
  File "C:\Python27\lib\site-packages\selenium\webdriver\remote\webdriver.py", line 233, in execute
    self.error_handler.check_response(response)
  File "C:\Python27\lib\site-packages\selenium\webdriver\remote\errorhandler.py", line 194, in check_response
    raise exception_class(message, screen, stacktrace)
NoSuchElementException: Message: Unable to locate element: {"method":"name","selector":"stmUserPwd.fdName"}
Stacktrace:
    at FirefoxDriver.prototype.findElementInternal_ (file:///c:/users/admini~1/appdata/local/temp/tmpmfruqt/extensions/fxdriver@googlecode.com/components/driver-component.js:10770)
    at fxdriver.Timer.prototype.setTimeout/&lt;.notify (file:///c:/users/admini~1/appdata/local/temp/tmpmfruqt/extensions/fxdriver@googlecode.com/components/driver-component.js:625)


        </pre>
    </div>
    <!--css div popup end-->

    </td>
</tr>

<tr id='ft3.23' class='none'>
    <td class='errorCase'><div class='testcase'>test_mdelete_Promotion: 删除促销</div></td>
    <td colspan='5' align='center'>

    <!--css div popup start-->
    <a class="popup_link" onfocus='this.blur();' href="javascript:showTestDetail('div_ft3.23')" >
        error</a>

    <div id='div_ft3.23' class="popup_window">
        <div style='text-align: right; color:red;cursor:pointer'>
        <a onfocus='this.blur();' onclick="document.getElementById('div_ft3.23').style.display = 'none' " >
           [x]</a>
        </div>
        <pre>
        
ft3.23: Traceback (most recent call last):
  File "D:\ISS\Test_Cases\thread4\test_OnlinePromotion.py", line 1261, in test_mdelete_Promotion
    self.searchbykey(code)
  File "D:\ISS\Test_Cases\thread4\test_OnlinePromotion.py", line 302, in searchbykey
    code=findCss(driver,"#content &gt; div.tabs-panels.tabs-panels-noborder &gt; div:nth-child(2) table.datagrid-btable  td[field='fdCode']").text
  File "D:\ISS\Test_Cases\public\isspublic.py", line 120, in findCss
    f=driver.find_element_by_css_selector(css)
  File "C:\Python27\lib\site-packages\selenium\webdriver\remote\webdriver.py", line 434, in find_element_by_css_selector
    return self.find_element(by=By.CSS_SELECTOR, value=css_selector)
  File "C:\Python27\lib\site-packages\selenium\webdriver\remote\webdriver.py", line 744, in find_element
    {'using': by, 'value': value})['value']
  File "C:\Python27\lib\site-packages\selenium\webdriver\remote\webdriver.py", line 233, in execute
    self.error_handler.check_response(response)
  File "C:\Python27\lib\site-packages\selenium\webdriver\remote\errorhandler.py", line 194, in check_response
    raise exception_class(message, screen, stacktrace)
NoSuchElementException: Message: Unable to locate element: {"method":"css selector","selector":"#content &gt; div.tabs-panels.tabs-panels-noborder &gt; div:nth-child(2) table.datagrid-btable  td[field='fdCode']"}
Stacktrace:
    at FirefoxDriver.prototype.findElementInternal_ (file:///c:/users/admini~1/appdata/local/temp/tmp_tpoea/extensions/fxdriver@googlecode.com/components/driver-component.js:10770)
    at fxdriver.Timer.prototype.setTimeout/&lt;.notify (file:///c:/users/admini~1/appdata/local/temp/tmp_tpoea/extensions/fxdriver@googlecode.com/components/driver-component.js:625)


        </pre>
    </div>
    <!--css div popup end-->

    </td>
</tr>

<tr class='passClass'>
    <td>test_OnlinePromotionRelation.test_OlinePromotionRelation</td>
    <td>4</td>
    <td>4</td>
    <td>0</td>
    <td>0</td>
    <td><a href="javascript:showClassDetail('c4',4)">Detail</a></td>
</tr>

<tr id='pt4.1' class='hiddenRow'>
    <td class='none'><div class='testcase'>test_0search_byPromotionTheme: 按促销主题查找</div></td>
    <td colspan='5' align='center'>pass</td>
</tr>

<tr id='pt4.2' class='hiddenRow'>
    <td class='none'><div class='testcase'>test_3search_byDocumentCode: 按单据编号查找</div></td>
    <td colspan='5' align='center'>pass</td>
</tr>

<tr id='pt4.3' class='hiddenRow'>
    <td class='none'><div class='testcase'>test_4button_Mutual: 互容操作</div></td>
    <td colspan='5' align='center'>pass</td>
</tr>

<tr id='pt4.4' class='hiddenRow'>
    <td class='none'><div class='testcase'>test_5button_Mutex: 互斥操作</div></td>
    <td colspan='5' align='center'>pass</td>
</tr>

<tr id='total_row'>
    <td>Total</td>
    <td>53</td>
    <td>18</td>
    <td>2</td>
    <td>33</td>
    <td>&nbsp;</td>
</tr>
</table>

<div id='ending'>&nbsp;</div>

</body>
</html>
