<?xml version="1.0" encoding="UTF-8"?>
<!DOCTYPE html PUBLIC "-//W3C//DTD XHTML 1.0 Strict//EN" "http://www.w3.org/TR/xhtml1/DTD/xhtml1-strict.dtd">
<html xmlns="http://www.w3.org/1999/xhtml">
<head>
    <title>thread4测试报告</title>
    <meta name="generator" content="HTMLTestRunner 0.8.2"/>
    <meta http-equiv="Content-Type" content="text/html; charset=UTF-8"/>
    
<style type="text/css" media="screen">
body        { font-family: verdana, arial, helvetica, sans-serif; font-size: 80%; }
table       { font-size: 100%; }
pre         { }

/* -- heading ---------------------------------------------------------------------- */
h1 {
	font-size: 16pt;
	color: gray;
}
.heading {
    margin-top: 0ex;
    margin-bottom: 1ex;
}

.heading .attribute {
    margin-top: 1ex;
    margin-bottom: 0;
}

.heading .description {
    margin-top: 4ex;
    margin-bottom: 6ex;
}

/* -- css div popup ------------------------------------------------------------------------ */
a.popup_link {
}

a.popup_link:hover {
    color: red;
}

.popup_window {
    display: none;
    position: relative;
    left: 0px;
    top: 0px;
    /*border: solid #627173 1px; */
    padding: 10px;
    background-color: #E6E6D6;
    font-family: "Lucida Console", "Courier New", Courier, monospace;
    text-align: left;
    font-size: 8pt;
    width: 500px;
}

}
/* -- report ------------------------------------------------------------------------ */
#show_detail_line {
    margin-top: 3ex;
    margin-bottom: 1ex;
}
#result_table {
    width: 80%;
    border-collapse: collapse;
    border: 1px solid #777;
}
#header_row {
    font-weight: bold;
    color: white;
    background-color: #777;
}
#result_table td {
    border: 1px solid #777;
    padding: 2px;
}
#total_row  { font-weight: bold; }
.passClass  { background-color: #6c6; }
.failClass  { background-color: #c60; }
.errorClass { background-color: #c00; }
.passCase   { color: #6c6; }
.failCase   { color: #c60; font-weight: bold; }
.errorCase  { color: #c00; font-weight: bold; }
.hiddenRow  { display: none; }
.testcase   { margin-left: 2em; }


/* -- ending ---------------------------------------------------------------------- */
#ending {
}

</style>

</head>
<body>
<script language="javascript" type="text/javascript"><!--
output_list = Array();

/* level - 0:Summary; 1:Failed; 2:All */
function showCase(level) {
    trs = document.getElementsByTagName("tr");
    for (var i = 0; i < trs.length; i++) {
        tr = trs[i];
        id = tr.id;
        if (id.substr(0,2) == 'ft') {
            if (level < 1) {
                tr.className = 'hiddenRow';
            }
            else {
                tr.className = '';
            }
        }
        if (id.substr(0,2) == 'pt') {
            if (level > 1) {
                tr.className = '';
            }
            else {
                tr.className = 'hiddenRow';
            }
        }
    }
}


function showClassDetail(cid, count) {
    var id_list = Array(count);
    var toHide = 1;
    for (var i = 0; i < count; i++) {
        tid0 = 't' + cid.substr(1) + '.' + (i+1);
        tid = 'f' + tid0;
        tr = document.getElementById(tid);
        if (!tr) {
            tid = 'p' + tid0;
            tr = document.getElementById(tid);
        }
        id_list[i] = tid;
        if (tr.className) {
            toHide = 0;
        }
    }
    for (var i = 0; i < count; i++) {
        tid = id_list[i];
        if (toHide) {
            document.getElementById('div_'+tid).style.display = 'none'
            document.getElementById(tid).className = 'hiddenRow';
        }
        else {
            document.getElementById(tid).className = '';
        }
    }
}


function showTestDetail(div_id){
    var details_div = document.getElementById(div_id)
    var displayState = details_div.style.display
    // alert(displayState)
    if (displayState != 'block' ) {
        displayState = 'block'
        details_div.style.display = 'block'
    }
    else {
        details_div.style.display = 'none'
    }
}


function html_escape(s) {
    s = s.replace(/&/g,'&amp;');
    s = s.replace(/</g,'&lt;');
    s = s.replace(/>/g,'&gt;');
    return s;
}

/* obsoleted by detail in <div>
function showOutput(id, name) {
    var w = window.open("", //url
                    name,
                    "resizable,scrollbars,status,width=800,height=450");
    d = w.document;
    d.write("<pre>");
    d.write(html_escape(output_list[id]));
    d.write("\n");
    d.write("<a href='javascript:window.close()'>close</a>\n");
    d.write("</pre>\n");
    d.close();
}
*/
--></script>

<div class='heading'>
<h1>thread4测试报告</h1>
<p class='attribute'><strong>Start Time:</strong> 2016-04-11 16:19:16</p>
<p class='attribute'><strong>Duration:</strong> 0:26:06.960000</p>
<p class='attribute'><strong>Status:</strong> Pass 39 Error 14</p>

<p class='description'>用例执行情况：</p>
</div>



<p id='show_detail_line'>Show
<a href='javascript:showCase(0)'>Summary</a>
<a href='javascript:showCase(1)'>Failed</a>
<a href='javascript:showCase(2)'>All</a>
</p>
<table id='result_table'>
<colgroup>
<col align='left' />
<col align='right' />
<col align='right' />
<col align='right' />
<col align='right' />
<col align='right' />
</colgroup>
<tr id='header_row'>
    <td>Test Group/Test case</td>
    <td>Count</td>
    <td>Pass</td>
    <td>Fail</td>
    <td>Error</td>
    <td>View</td>
</tr>

<tr class='passClass'>
    <td>test_OfflinePromotion.test_OfflinePromotion</td>
    <td>22</td>
    <td>22</td>
    <td>0</td>
    <td>0</td>
    <td><a href="javascript:showClassDetail('c1',22)">Detail</a></td>
</tr>

<tr id='pt1.1' class='hiddenRow'>
    <td class='none'><div class='testcase'>test_0add_Promotion: 添加促销</div></td>
    <td colspan='5' align='center'>pass</td>
</tr>

<tr id='pt1.2' class='hiddenRow'>
    <td class='none'><div class='testcase'>test_1search_byKeyWord: 按关键字查找促销</div></td>
    <td colspan='5' align='center'>pass</td>
</tr>

<tr id='pt1.3' class='hiddenRow'>
    <td class='none'><div class='testcase'>test_2search_byActivityTime: 按活动时间查找</div></td>
    <td colspan='5' align='center'>pass</td>
</tr>

<tr id='pt1.4' class='hiddenRow'>
    <td class='none'><div class='testcase'>test_3search_byApplicableObject: 按适用对象查找</div></td>
    <td colspan='5' align='center'>pass</td>
</tr>

<tr id='pt1.5' class='hiddenRow'>
    <td class='none'><div class='testcase'>test_4search_byMakeDate: 按制单日期查找</div></td>
    <td colspan='5' align='center'>pass</td>
</tr>

<tr id='pt1.6' class='hiddenRow'>
    <td class='none'><div class='testcase'>test_5search_byIdentifyDocument: 按单据标识查找</div></td>
    <td colspan='5' align='center'>pass</td>
</tr>

<tr id='pt1.7' class='hiddenRow'>
    <td class='none'><div class='testcase'>test_6search_byPromotionType: 按促销类型查找</div></td>
    <td colspan='5' align='center'>pass</td>
</tr>

<tr id='pt1.8' class='hiddenRow'>
    <td class='none'><div class='testcase'>test_7modify_Promotion: 修改促销</div></td>
    <td colspan='5' align='center'>pass</td>
</tr>

<tr id='pt1.9' class='hiddenRow'>
    <td class='none'><div class='testcase'>test_8modify_AddRedemption_com: 添加换购品</div></td>
    <td colspan='5' align='center'>pass</td>
</tr>

<tr id='pt1.10' class='hiddenRow'>
    <td class='none'><div class='testcase'>test_9modify_AddTriggerPoint: 添加业务触发点</div></td>
    <td colspan='5' align='center'>pass</td>
</tr>

<tr id='pt1.11' class='hiddenRow'>
    <td class='none'><div class='testcase'>test_amodify_DeleteTriggerPoint: 删除业务触发点</div></td>
    <td colspan='5' align='center'>pass</td>
</tr>

<tr id='pt1.12' class='hiddenRow'>
    <td class='none'><div class='testcase'>test_bmodify_DeleteRedemption_com: 删除换购品</div></td>
    <td colspan='5' align='center'>pass</td>
</tr>

<tr id='pt1.13' class='hiddenRow'>
    <td class='none'><div class='testcase'>test_cmodify_AddSuitObject: 添加适用对象</div></td>
    <td colspan='5' align='center'>pass</td>
</tr>

<tr id='pt1.14' class='hiddenRow'>
    <td class='none'><div class='testcase'>test_dmodify_DeleteSuitObject: 删除适用对象</div></td>
    <td colspan='5' align='center'>pass</td>
</tr>

<tr id='pt1.15' class='hiddenRow'>
    <td class='none'><div class='testcase'>test_emodify_Add_TimeConstraint: 添加时段约束</div></td>
    <td colspan='5' align='center'>pass</td>
</tr>

<tr id='pt1.16' class='hiddenRow'>
    <td class='none'><div class='testcase'>test_fmodify_Delete_TimeConstraint: 删除时段约束</div></td>
    <td colspan='5' align='center'>pass</td>
</tr>

<tr id='pt1.17' class='hiddenRow'>
    <td class='none'><div class='testcase'>test_gmodify_AddPromotion_com: 添加促销商品</div></td>
    <td colspan='5' align='center'>pass</td>
</tr>

<tr id='pt1.18' class='hiddenRow'>
    <td class='none'><div class='testcase'>test_hmodify_DeletePromotion_com: 删除促销商品</div></td>
    <td colspan='5' align='center'>pass</td>
</tr>

<tr id='pt1.19' class='hiddenRow'>
    <td class='none'><div class='testcase'>test_imodify_AddPayment: 添加结算方式</div></td>
    <td colspan='5' align='center'>pass</td>
</tr>

<tr id='pt1.20' class='hiddenRow'>
    <td class='none'><div class='testcase'>test_jdelete_DeletePayment: 删除结算方式</div></td>
    <td colspan='5' align='center'>pass</td>
</tr>

<tr id='pt1.21' class='hiddenRow'>
    <td class='none'><div class='testcase'>test_kdelete_Promotion: 删除促销</div></td>
    <td colspan='5' align='center'>pass</td>
</tr>

<tr id='pt1.22' class='hiddenRow'>
    <td class='none'><div class='testcase'>test_lmodify_ApprovalStatus: 修改审批状态</div></td>
    <td colspan='5' align='center'>pass</td>
</tr>

<tr class='errorClass'>
    <td>test_OfflinePromotionRelation.test_OfflinePromotionRelation</td>
    <td>4</td>
    <td>3</td>
    <td>0</td>
    <td>1</td>
    <td><a href="javascript:showClassDetail('c2',4)">Detail</a></td>
</tr>

<tr id='ft2.1' class='none'>
    <td class='errorCase'><div class='testcase'>test_0search_byPromotionTheme: 按促销主题查找</div></td>
    <td colspan='5' align='center'>

    <!--css div popup start-->
    <a class="popup_link" onfocus='this.blur();' href="javascript:showTestDetail('div_ft2.1')" >
        error</a>

    <div id='div_ft2.1' class="popup_window">
        <div style='text-align: right; color:red;cursor:pointer'>
        <a onfocus='this.blur();' onclick="document.getElementById('div_ft2.1').style.display = 'none' " >
           [x]</a>
        </div>
        <pre>
        
ft2.1: Traceback (most recent call last):
  File "D:\ISS\Test_Cases\thread4\test_OfflinePromotionRelation.py", line 145, in test_0search_byPromotionTheme
    self.searchassert(th1s,th2s,theme)
  File "D:\ISS\Test_Cases\thread4\test_OfflinePromotionRelation.py", line 105, in searchassert
    thh2.append(th2.text)
  File "C:\Python27\lib\site-packages\selenium\webdriver\remote\webelement.py", line 70, in text
    return self._execute(Command.GET_ELEMENT_TEXT)['value']
  File "C:\Python27\lib\site-packages\selenium\webdriver\remote\webelement.py", line 457, in _execute
    return self._parent.execute(command, params)
  File "C:\Python27\lib\site-packages\selenium\webdriver\remote\webdriver.py", line 233, in execute
    self.error_handler.check_response(response)
  File "C:\Python27\lib\site-packages\selenium\webdriver\remote\errorhandler.py", line 194, in check_response
    raise exception_class(message, screen, stacktrace)
StaleElementReferenceException: Message: Element not found in the cache - perhaps the page has changed since it was looked up
Stacktrace:
    at fxdriver.cache.getElementAt (resource://fxdriver/modules/web-element-cache.js:9454)
    at Utils.getElementAt (file:///c:/users/admini~1/appdata/local/temp/tmpbw9sta/extensions/fxdriver@googlecode.com/components/command-processor.js:9039)
    at WebElement.getElementText (file:///c:/users/admini~1/appdata/local/temp/tmpbw9sta/extensions/fxdriver@googlecode.com/components/command-processor.js:12092)
    at DelayedCommand.prototype.executeInternal_/h (file:///c:/users/admini~1/appdata/local/temp/tmpbw9sta/extensions/fxdriver@googlecode.com/components/command-processor.js:12661)
    at fxdriver.Timer.prototype.setTimeout/&lt;.notify (file:///c:/users/admini~1/appdata/local/temp/tmpbw9sta/extensions/fxdriver@googlecode.com/components/command-processor.js:625)


        </pre>
    </div>
    <!--css div popup end-->

    </td>
</tr>

<tr id='pt2.2' class='hiddenRow'>
    <td class='none'><div class='testcase'>test_3search_byDocumentCode: 按单据编号查找</div></td>
    <td colspan='5' align='center'>pass</td>
</tr>

<tr id='pt2.3' class='hiddenRow'>
    <td class='none'><div class='testcase'>test_4button_Mutual: 互容操作</div></td>
    <td colspan='5' align='center'>pass</td>
</tr>

<tr id='pt2.4' class='hiddenRow'>
    <td class='none'><div class='testcase'>test_5button_Mutex: 互斥操作</div></td>
    <td colspan='5' align='center'>pass</td>
</tr>

<tr class='errorClass'>
    <td>test_OnlinePromotion.test_OnlinePromotion</td>
    <td>23</td>
    <td>14</td>
    <td>0</td>
    <td>9</td>
    <td><a href="javascript:showClassDetail('c3',23)">Detail</a></td>
</tr>

<tr id='pt3.1' class='hiddenRow'>
    <td class='none'><div class='testcase'>test_0add_Promotion: 添加促销</div></td>
    <td colspan='5' align='center'>pass</td>
</tr>

<tr id='pt3.2' class='hiddenRow'>
    <td class='none'><div class='testcase'>test_1search_byKeyWord: 按关键字查找促销</div></td>
    <td colspan='5' align='center'>pass</td>
</tr>

<tr id='pt3.3' class='hiddenRow'>
    <td class='none'><div class='testcase'>test_2search_byActivityTime: 按活动时间查找</div></td>
    <td colspan='5' align='center'>pass</td>
</tr>

<tr id='pt3.4' class='hiddenRow'>
    <td class='none'><div class='testcase'>test_3search_byApplicableObject: 按适用对象查找</div></td>
    <td colspan='5' align='center'>pass</td>
</tr>

<tr id='pt3.5' class='hiddenRow'>
    <td class='none'><div class='testcase'>test_4search_byMakeDate: 按制单日期查找</div></td>
    <td colspan='5' align='center'>pass</td>
</tr>

<tr id='pt3.6' class='hiddenRow'>
    <td class='none'><div class='testcase'>test_5search_byIdentifyDocument: 按单据标识查找</div></td>
    <td colspan='5' align='center'>pass</td>
</tr>

<tr id='pt3.7' class='hiddenRow'>
    <td class='none'><div class='testcase'>test_6search_byPromotionType: 按促销类型查找</div></td>
    <td colspan='5' align='center'>pass</td>
</tr>

<tr id='pt3.8' class='hiddenRow'>
    <td class='none'><div class='testcase'>test_7modify_Promotion: 修改促销</div></td>
    <td colspan='5' align='center'>pass</td>
</tr>

<tr id='pt3.9' class='hiddenRow'>
    <td class='none'><div class='testcase'>test_8modify_AddSuitObject: 添加适用对象</div></td>
    <td colspan='5' align='center'>pass</td>
</tr>

<tr id='pt3.10' class='hiddenRow'>
    <td class='none'><div class='testcase'>test_9modify_DeleteSuitObject: 删除适用对象</div></td>
    <td colspan='5' align='center'>pass</td>
</tr>

<tr id='pt3.11' class='hiddenRow'>
    <td class='none'><div class='testcase'>test_amodify_Add_TimeConstraint: 添加时段约束</div></td>
    <td colspan='5' align='center'>pass</td>
</tr>

<tr id='pt3.12' class='hiddenRow'>
    <td class='none'><div class='testcase'>test_bmodify_Delete_TimeConstraint: 删除时段约束</div></td>
    <td colspan='5' align='center'>pass</td>
</tr>

<tr id='pt3.13' class='hiddenRow'>
    <td class='none'><div class='testcase'>test_cmodify_AddPromotion_com: 添加促销商品</div></td>
    <td colspan='5' align='center'>pass</td>
</tr>

<tr id='pt3.14' class='hiddenRow'>
    <td class='none'><div class='testcase'>test_dmodify_DeletePromotion_com: 删除促销商品</div></td>
    <td colspan='5' align='center'>pass</td>
</tr>

<tr id='ft3.15' class='none'>
    <td class='errorCase'><div class='testcase'>test_emodify_AddRedemption_com: 添加换购品</div></td>
    <td colspan='5' align='center'>

    <!--css div popup start-->
    <a class="popup_link" onfocus='this.blur();' href="javascript:showTestDetail('div_ft3.15')" >
        error</a>

    <div id='div_ft3.15' class="popup_window">
        <div style='text-align: right; color:red;cursor:pointer'>
        <a onfocus='this.blur();' onclick="document.getElementById('div_ft3.15').style.display = 'none' " >
           [x]</a>
        </div>
        <pre>
        
ft3.15: Traceback (most recent call last):
  File "D:\ISS\Test_Cases\thread4\test_OnlinePromotion.py", line 864, in test_emodify_AddRedemption_com
    self.Delete_And_Add_Assert('add')
  File "D:\ISS\Test_Cases\thread4\test_OnlinePromotion.py", line 80, in Delete_And_Add_Assert
    log.info(driver.find_element_by_css_selector("body &gt; div.panel.window.messager-window &gt; div.messager-body.panel-body.panel-body-noborder.window-body &gt; div:nth-child(2)").text)
  File "C:\Python27\lib\site-packages\selenium\webdriver\remote\webdriver.py", line 434, in find_element_by_css_selector
    return self.find_element(by=By.CSS_SELECTOR, value=css_selector)
  File "C:\Python27\lib\site-packages\selenium\webdriver\remote\webdriver.py", line 744, in find_element
    {'using': by, 'value': value})['value']
  File "C:\Python27\lib\site-packages\selenium\webdriver\remote\webdriver.py", line 233, in execute
    self.error_handler.check_response(response)
  File "C:\Python27\lib\site-packages\selenium\webdriver\remote\errorhandler.py", line 194, in check_response
    raise exception_class(message, screen, stacktrace)
NoSuchElementException: Message: Unable to locate element: {"method":"css selector","selector":"body &gt; div.panel.window.messager-window &gt; div.messager-body.panel-body.panel-body-noborder.window-body &gt; div:nth-child(2)"}
Stacktrace:
    at FirefoxDriver.prototype.findElementInternal_ (file:///c:/users/admini~1/appdata/local/temp/tmpmqwfhr/extensions/fxdriver@googlecode.com/components/driver-component.js:10770)
    at fxdriver.Timer.prototype.setTimeout/&lt;.notify (file:///c:/users/admini~1/appdata/local/temp/tmpmqwfhr/extensions/fxdriver@googlecode.com/components/driver-component.js:625)


        </pre>
    </div>
    <!--css div popup end-->

    </td>
</tr>

<tr id='ft3.16' class='none'>
    <td class='errorCase'><div class='testcase'>test_fmodify_DeleteRedemption_com: 删除换购品</div></td>
    <td colspan='5' align='center'>

    <!--css div popup start-->
    <a class="popup_link" onfocus='this.blur();' href="javascript:showTestDetail('div_ft3.16')" >
        error</a>

    <div id='div_ft3.16' class="popup_window">
        <div style='text-align: right; color:red;cursor:pointer'>
        <a onfocus='this.blur();' onclick="document.getElementById('div_ft3.16').style.display = 'none' " >
           [x]</a>
        </div>
        <pre>
        
ft3.16: Traceback (most recent call last):
  File "D:\ISS\Test_Cases\thread4\test_OnlinePromotion.py", line 918, in test_fmodify_DeleteRedemption_com
    findCss(driver,"#salePmChangepurchaseAccordion  div.panel.datagrid  div.datagrid-view &gt; div.datagrid-view2 &gt; div.datagrid-body &gt; table td[field='ck']").click()
  File "D:\ISS\Test_Cases\public\isspublic.py", line 116, in findCss
    f=driver.find_element_by_css_selector(css)
  File "C:\Python27\lib\site-packages\selenium\webdriver\remote\webdriver.py", line 434, in find_element_by_css_selector
    return self.find_element(by=By.CSS_SELECTOR, value=css_selector)
  File "C:\Python27\lib\site-packages\selenium\webdriver\remote\webdriver.py", line 744, in find_element
    {'using': by, 'value': value})['value']
  File "C:\Python27\lib\site-packages\selenium\webdriver\remote\webdriver.py", line 233, in execute
    self.error_handler.check_response(response)
  File "C:\Python27\lib\site-packages\selenium\webdriver\remote\errorhandler.py", line 194, in check_response
    raise exception_class(message, screen, stacktrace)
NoSuchElementException: Message: Unable to locate element: {"method":"css selector","selector":"#salePmChangepurchaseAccordion  div.panel.datagrid  div.datagrid-view &gt; div.datagrid-view2 &gt; div.datagrid-body &gt; table td[field='ck']"}
Stacktrace:
    at FirefoxDriver.prototype.findElementInternal_ (file:///c:/users/admini~1/appdata/local/temp/tmpz8wudi/extensions/fxdriver@googlecode.com/components/driver-component.js:10770)
    at fxdriver.Timer.prototype.setTimeout/&lt;.notify (file:///c:/users/admini~1/appdata/local/temp/tmpz8wudi/extensions/fxdriver@googlecode.com/components/driver-component.js:625)


        </pre>
    </div>
    <!--css div popup end-->

    </td>
</tr>

<tr id='ft3.17' class='none'>
    <td class='errorCase'><div class='testcase'>test_gmodify_AddDonation: 添加赠品</div></td>
    <td colspan='5' align='center'>

    <!--css div popup start-->
    <a class="popup_link" onfocus='this.blur();' href="javascript:showTestDetail('div_ft3.17')" >
        error</a>

    <div id='div_ft3.17' class="popup_window">
        <div style='text-align: right; color:red;cursor:pointer'>
        <a onfocus='this.blur();' onclick="document.getElementById('div_ft3.17').style.display = 'none' " >
           [x]</a>
        </div>
        <pre>
        
ft3.17: Traceback (most recent call last):
  File "D:\ISS\Test_Cases\thread4\test_OnlinePromotion.py", line 954, in test_gmodify_AddDonation
    self.edit_Promotion()
  File "D:\ISS\Test_Cases\thread4\test_OnlinePromotion.py", line 533, in edit_Promotion
    self.to_OnlinePromotion()
  File "D:\ISS\Test_Cases\thread4\test_OnlinePromotion.py", line 51, in to_OnlinePromotion
    testModule(driver,u'ä¿éæ¹æ¡ç®¡ç',u'çº¿ä¸ä¿é')
  File "D:\ISS\Test_Cases\public\isspublic.py", line 303, in testModule
    raise NameError('No Such Module!'+module1)
NameError: global name 'module1' is not defined


        </pre>
    </div>
    <!--css div popup end-->

    </td>
</tr>

<tr id='ft3.18' class='none'>
    <td class='errorCase'><div class='testcase'>test_hmodify_DeleteDonation: 删除赠品</div></td>
    <td colspan='5' align='center'>

    <!--css div popup start-->
    <a class="popup_link" onfocus='this.blur();' href="javascript:showTestDetail('div_ft3.18')" >
        error</a>

    <div id='div_ft3.18' class="popup_window">
        <div style='text-align: right; color:red;cursor:pointer'>
        <a onfocus='this.blur();' onclick="document.getElementById('div_ft3.18').style.display = 'none' " >
           [x]</a>
        </div>
        <pre>
        
ft3.18: Traceback (most recent call last):
  File "D:\ISS\Test_Cases\thread4\test_OnlinePromotion.py", line 1034, in test_hmodify_DeleteDonation
    self.edit_Promotion()
  File "D:\ISS\Test_Cases\thread4\test_OnlinePromotion.py", line 533, in edit_Promotion
    self.to_OnlinePromotion()
  File "D:\ISS\Test_Cases\thread4\test_OnlinePromotion.py", line 51, in to_OnlinePromotion
    testModule(driver,u'ä¿éæ¹æ¡ç®¡ç',u'çº¿ä¸ä¿é')
  File "D:\ISS\Test_Cases\public\isspublic.py", line 303, in testModule
    raise NameError('No Such Module!'+module1)
NameError: global name 'module1' is not defined


        </pre>
    </div>
    <!--css div popup end-->

    </td>
</tr>

<tr id='ft3.19' class='none'>
    <td class='errorCase'><div class='testcase'>test_imodify_AddTriggerPoint: 添加业务触发点</div></td>
    <td colspan='5' align='center'>

    <!--css div popup start-->
    <a class="popup_link" onfocus='this.blur();' href="javascript:showTestDetail('div_ft3.19')" >
        error</a>

    <div id='div_ft3.19' class="popup_window">
        <div style='text-align: right; color:red;cursor:pointer'>
        <a onfocus='this.blur();' onclick="document.getElementById('div_ft3.19').style.display = 'none' " >
           [x]</a>
        </div>
        <pre>
        
ft3.19: Traceback (most recent call last):
  File "D:\ISS\Test_Cases\thread4\test_OnlinePromotion.py", line 1079, in test_imodify_AddTriggerPoint
    self.edit_Promotion()
  File "D:\ISS\Test_Cases\thread4\test_OnlinePromotion.py", line 533, in edit_Promotion
    self.to_OnlinePromotion()
  File "D:\ISS\Test_Cases\thread4\test_OnlinePromotion.py", line 51, in to_OnlinePromotion
    testModule(driver,u'ä¿éæ¹æ¡ç®¡ç',u'çº¿ä¸ä¿é')
  File "D:\ISS\Test_Cases\public\isspublic.py", line 303, in testModule
    raise NameError('No Such Module!'+module1)
NameError: global name 'module1' is not defined


        </pre>
    </div>
    <!--css div popup end-->

    </td>
</tr>

<tr id='ft3.20' class='none'>
    <td class='errorCase'><div class='testcase'>test_jmodify_DeleteTriggerPoint: 删除业务触发点</div></td>
    <td colspan='5' align='center'>

    <!--css div popup start-->
    <a class="popup_link" onfocus='this.blur();' href="javascript:showTestDetail('div_ft3.20')" >
        error</a>

    <div id='div_ft3.20' class="popup_window">
        <div style='text-align: right; color:red;cursor:pointer'>
        <a onfocus='this.blur();' onclick="document.getElementById('div_ft3.20').style.display = 'none' " >
           [x]</a>
        </div>
        <pre>
        
ft3.20: Traceback (most recent call last):
  File "D:\ISS\Test_Cases\thread4\test_OnlinePromotion.py", line 1150, in test_jmodify_DeleteTriggerPoint
    self.edit_Promotion()
  File "D:\ISS\Test_Cases\thread4\test_OnlinePromotion.py", line 533, in edit_Promotion
    self.to_OnlinePromotion()
  File "D:\ISS\Test_Cases\thread4\test_OnlinePromotion.py", line 51, in to_OnlinePromotion
    testModule(driver,u'ä¿éæ¹æ¡ç®¡ç',u'çº¿ä¸ä¿é')
  File "D:\ISS\Test_Cases\public\isspublic.py", line 303, in testModule
    raise NameError('No Such Module!'+module1)
NameError: global name 'module1' is not defined


        </pre>
    </div>
    <!--css div popup end-->

    </td>
</tr>

<tr id='ft3.21' class='none'>
    <td class='errorCase'><div class='testcase'>test_kmodify_AddPayment: 添加结算方式</div></td>
    <td colspan='5' align='center'>

    <!--css div popup start-->
    <a class="popup_link" onfocus='this.blur();' href="javascript:showTestDetail('div_ft3.21')" >
        error</a>

    <div id='div_ft3.21' class="popup_window">
        <div style='text-align: right; color:red;cursor:pointer'>
        <a onfocus='this.blur();' onclick="document.getElementById('div_ft3.21').style.display = 'none' " >
           [x]</a>
        </div>
        <pre>
        
ft3.21: Traceback (most recent call last):
  File "D:\ISS\Test_Cases\thread4\test_OnlinePromotion.py", line 1181, in test_kmodify_AddPayment
    self.edit_Promotion()
  File "D:\ISS\Test_Cases\thread4\test_OnlinePromotion.py", line 533, in edit_Promotion
    self.to_OnlinePromotion()
  File "D:\ISS\Test_Cases\thread4\test_OnlinePromotion.py", line 51, in to_OnlinePromotion
    testModule(driver,u'ä¿éæ¹æ¡ç®¡ç',u'çº¿ä¸ä¿é')
  File "D:\ISS\Test_Cases\public\isspublic.py", line 303, in testModule
    raise NameError('No Such Module!'+module1)
NameError: global name 'module1' is not defined


        </pre>
    </div>
    <!--css div popup end-->

    </td>
</tr>

<tr id='ft3.22' class='none'>
    <td class='errorCase'><div class='testcase'>test_ldelete_DeletePayment: 删除结算方式</div></td>
    <td colspan='5' align='center'>

    <!--css div popup start-->
    <a class="popup_link" onfocus='this.blur();' href="javascript:showTestDetail('div_ft3.22')" >
        error</a>

    <div id='div_ft3.22' class="popup_window">
        <div style='text-align: right; color:red;cursor:pointer'>
        <a onfocus='this.blur();' onclick="document.getElementById('div_ft3.22').style.display = 'none' " >
           [x]</a>
        </div>
        <pre>
        
ft3.22: Traceback (most recent call last):
  File "D:\ISS\Test_Cases\thread4\test_OnlinePromotion.py", line 1221, in test_ldelete_DeletePayment
    self.edit_Promotion()
  File "D:\ISS\Test_Cases\thread4\test_OnlinePromotion.py", line 533, in edit_Promotion
    self.to_OnlinePromotion()
  File "D:\ISS\Test_Cases\thread4\test_OnlinePromotion.py", line 51, in to_OnlinePromotion
    testModule(driver,u'ä¿éæ¹æ¡ç®¡ç',u'çº¿ä¸ä¿é')
  File "D:\ISS\Test_Cases\public\isspublic.py", line 303, in testModule
    raise NameError('No Such Module!'+module1)
NameError: global name 'module1' is not defined


        </pre>
    </div>
    <!--css div popup end-->

    </td>
</tr>

<tr id='ft3.23' class='none'>
    <td class='errorCase'><div class='testcase'>test_mdelete_Promotion: 删除促销</div></td>
    <td colspan='5' align='center'>

    <!--css div popup start-->
    <a class="popup_link" onfocus='this.blur();' href="javascript:showTestDetail('div_ft3.23')" >
        error</a>

    <div id='div_ft3.23' class="popup_window">
        <div style='text-align: right; color:red;cursor:pointer'>
        <a onfocus='this.blur();' onclick="document.getElementById('div_ft3.23').style.display = 'none' " >
           [x]</a>
        </div>
        <pre>
        
ft3.23: Traceback (most recent call last):
  File "D:\ISS\Test_Cases\thread4\test_OnlinePromotion.py", line 1257, in test_mdelete_Promotion
    self.to_OnlinePromotion()
  File "D:\ISS\Test_Cases\thread4\test_OnlinePromotion.py", line 51, in to_OnlinePromotion
    testModule(driver,u'ä¿éæ¹æ¡ç®¡ç',u'çº¿ä¸ä¿é')
  File "D:\ISS\Test_Cases\public\isspublic.py", line 303, in testModule
    raise NameError('No Such Module!'+module1)
NameError: global name 'module1' is not defined


        </pre>
    </div>
    <!--css div popup end-->

    </td>
</tr>

<tr class='errorClass'>
    <td>test_OnlinePromotionRelation.test_OlinePromotionRelation</td>
    <td>4</td>
    <td>0</td>
    <td>0</td>
    <td>4</td>
    <td><a href="javascript:showClassDetail('c4',4)">Detail</a></td>
</tr>

<tr id='ft4.1' class='none'>
    <td class='errorCase'><div class='testcase'>test_0search_byPromotionTheme: 按促销主题查找</div></td>
    <td colspan='5' align='center'>

    <!--css div popup start-->
    <a class="popup_link" onfocus='this.blur();' href="javascript:showTestDetail('div_ft4.1')" >
        error</a>

    <div id='div_ft4.1' class="popup_window">
        <div style='text-align: right; color:red;cursor:pointer'>
        <a onfocus='this.blur();' onclick="document.getElementById('div_ft4.1').style.display = 'none' " >
           [x]</a>
        </div>
        <pre>
        
ft4.1: Traceback (most recent call last):
  File "D:\ISS\Test_Cases\thread4\test_OnlinePromotionRelation.py", line 135, in test_0search_byPromotionTheme
    self.to_OlinePromotionRelation()
  File "D:\ISS\Test_Cases\thread4\test_OnlinePromotionRelation.py", line 52, in to_OlinePromotionRelation
    login.login(self,username,password)
  File "D:\ISS\Test_Cases\public\login.py", line 6, in login
    driver.find_element_by_name("stmUserPwd.fdName").send_keys(username)
  File "C:\Python27\lib\site-packages\selenium\webdriver\remote\webdriver.py", line 362, in find_element_by_name
    return self.find_element(by=By.NAME, value=name)
  File "C:\Python27\lib\site-packages\selenium\webdriver\remote\webdriver.py", line 744, in find_element
    {'using': by, 'value': value})['value']
  File "C:\Python27\lib\site-packages\selenium\webdriver\remote\webdriver.py", line 233, in execute
    self.error_handler.check_response(response)
  File "C:\Python27\lib\site-packages\selenium\webdriver\remote\errorhandler.py", line 194, in check_response
    raise exception_class(message, screen, stacktrace)
NoSuchElementException: Message: Unable to locate element: {"method":"name","selector":"stmUserPwd.fdName"}
Stacktrace:
    at FirefoxDriver.prototype.findElementInternal_ (file:///c:/users/admini~1/appdata/local/temp/tmp9t7pkl/extensions/fxdriver@googlecode.com/components/driver-component.js:10770)
    at fxdriver.Timer.prototype.setTimeout/&lt;.notify (file:///c:/users/admini~1/appdata/local/temp/tmp9t7pkl/extensions/fxdriver@googlecode.com/components/driver-component.js:625)


        </pre>
    </div>
    <!--css div popup end-->

    </td>
</tr>

<tr id='ft4.2' class='none'>
    <td class='errorCase'><div class='testcase'>test_3search_byDocumentCode: 按单据编号查找</div></td>
    <td colspan='5' align='center'>

    <!--css div popup start-->
    <a class="popup_link" onfocus='this.blur();' href="javascript:showTestDetail('div_ft4.2')" >
        error</a>

    <div id='div_ft4.2' class="popup_window">
        <div style='text-align: right; color:red;cursor:pointer'>
        <a onfocus='this.blur();' onclick="document.getElementById('div_ft4.2').style.display = 'none' " >
           [x]</a>
        </div>
        <pre>
        
ft4.2: Traceback (most recent call last):
  File "D:\ISS\Test_Cases\thread4\test_OnlinePromotionRelation.py", line 178, in test_3search_byDocumentCode
    self.to_OlinePromotionRelation()
  File "D:\ISS\Test_Cases\thread4\test_OnlinePromotionRelation.py", line 52, in to_OlinePromotionRelation
    login.login(self,username,password)
  File "D:\ISS\Test_Cases\public\login.py", line 6, in login
    driver.find_element_by_name("stmUserPwd.fdName").send_keys(username)
  File "C:\Python27\lib\site-packages\selenium\webdriver\remote\webdriver.py", line 362, in find_element_by_name
    return self.find_element(by=By.NAME, value=name)
  File "C:\Python27\lib\site-packages\selenium\webdriver\remote\webdriver.py", line 744, in find_element
    {'using': by, 'value': value})['value']
  File "C:\Python27\lib\site-packages\selenium\webdriver\remote\webdriver.py", line 233, in execute
    self.error_handler.check_response(response)
  File "C:\Python27\lib\site-packages\selenium\webdriver\remote\errorhandler.py", line 194, in check_response
    raise exception_class(message, screen, stacktrace)
NoSuchElementException: Message: Unable to locate element: {"method":"name","selector":"stmUserPwd.fdName"}
Stacktrace:
    at FirefoxDriver.prototype.findElementInternal_ (file:///c:/users/admini~1/appdata/local/temp/tmpxxbms2/extensions/fxdriver@googlecode.com/components/driver-component.js:10770)
    at fxdriver.Timer.prototype.setTimeout/&lt;.notify (file:///c:/users/admini~1/appdata/local/temp/tmpxxbms2/extensions/fxdriver@googlecode.com/components/driver-component.js:625)


        </pre>
    </div>
    <!--css div popup end-->

    </td>
</tr>

<tr id='ft4.3' class='none'>
    <td class='errorCase'><div class='testcase'>test_4button_Mutual: 互容操作</div></td>
    <td colspan='5' align='center'>

    <!--css div popup start-->
    <a class="popup_link" onfocus='this.blur();' href="javascript:showTestDetail('div_ft4.3')" >
        error</a>

    <div id='div_ft4.3' class="popup_window">
        <div style='text-align: right; color:red;cursor:pointer'>
        <a onfocus='this.blur();' onclick="document.getElementById('div_ft4.3').style.display = 'none' " >
           [x]</a>
        </div>
        <pre>
        
ft4.3: Traceback (most recent call last):
  File "D:\ISS\Test_Cases\thread4\test_OnlinePromotionRelation.py", line 204, in test_4button_Mutual
    self.to_OlinePromotionRelation()
  File "D:\ISS\Test_Cases\thread4\test_OnlinePromotionRelation.py", line 52, in to_OlinePromotionRelation
    login.login(self,username,password)
  File "D:\ISS\Test_Cases\public\login.py", line 6, in login
    driver.find_element_by_name("stmUserPwd.fdName").send_keys(username)
  File "C:\Python27\lib\site-packages\selenium\webdriver\remote\webdriver.py", line 362, in find_element_by_name
    return self.find_element(by=By.NAME, value=name)
  File "C:\Python27\lib\site-packages\selenium\webdriver\remote\webdriver.py", line 744, in find_element
    {'using': by, 'value': value})['value']
  File "C:\Python27\lib\site-packages\selenium\webdriver\remote\webdriver.py", line 233, in execute
    self.error_handler.check_response(response)
  File "C:\Python27\lib\site-packages\selenium\webdriver\remote\errorhandler.py", line 194, in check_response
    raise exception_class(message, screen, stacktrace)
NoSuchElementException: Message: Unable to locate element: {"method":"name","selector":"stmUserPwd.fdName"}
Stacktrace:
    at FirefoxDriver.prototype.findElementInternal_ (file:///c:/users/admini~1/appdata/local/temp/tmp_xnpc_/extensions/fxdriver@googlecode.com/components/driver-component.js:10770)
    at fxdriver.Timer.prototype.setTimeout/&lt;.notify (file:///c:/users/admini~1/appdata/local/temp/tmp_xnpc_/extensions/fxdriver@googlecode.com/components/driver-component.js:625)


        </pre>
    </div>
    <!--css div popup end-->

    </td>
</tr>

<tr id='ft4.4' class='none'>
    <td class='errorCase'><div class='testcase'>test_5button_Mutex: 互斥操作</div></td>
    <td colspan='5' align='center'>

    <!--css div popup start-->
    <a class="popup_link" onfocus='this.blur();' href="javascript:showTestDetail('div_ft4.4')" >
        error</a>

    <div id='div_ft4.4' class="popup_window">
        <div style='text-align: right; color:red;cursor:pointer'>
        <a onfocus='this.blur();' onclick="document.getElementById('div_ft4.4').style.display = 'none' " >
           [x]</a>
        </div>
        <pre>
        
ft4.4: Traceback (most recent call last):
  File "D:\ISS\Test_Cases\thread4\test_OnlinePromotionRelation.py", line 233, in test_5button_Mutex
    self.to_OlinePromotionRelation()
  File "D:\ISS\Test_Cases\thread4\test_OnlinePromotionRelation.py", line 52, in to_OlinePromotionRelation
    login.login(self,username,password)
  File "D:\ISS\Test_Cases\public\login.py", line 6, in login
    driver.find_element_by_name("stmUserPwd.fdName").send_keys(username)
  File "C:\Python27\lib\site-packages\selenium\webdriver\remote\webdriver.py", line 362, in find_element_by_name
    return self.find_element(by=By.NAME, value=name)
  File "C:\Python27\lib\site-packages\selenium\webdriver\remote\webdriver.py", line 744, in find_element
    {'using': by, 'value': value})['value']
  File "C:\Python27\lib\site-packages\selenium\webdriver\remote\webdriver.py", line 233, in execute
    self.error_handler.check_response(response)
  File "C:\Python27\lib\site-packages\selenium\webdriver\remote\errorhandler.py", line 194, in check_response
    raise exception_class(message, screen, stacktrace)
NoSuchElementException: Message: Unable to locate element: {"method":"name","selector":"stmUserPwd.fdName"}
Stacktrace:
    at FirefoxDriver.prototype.findElementInternal_ (file:///c:/users/admini~1/appdata/local/temp/tmpmv5zwk/extensions/fxdriver@googlecode.com/components/driver-component.js:10770)
    at fxdriver.Timer.prototype.setTimeout/&lt;.notify (file:///c:/users/admini~1/appdata/local/temp/tmpmv5zwk/extensions/fxdriver@googlecode.com/components/driver-component.js:625)


        </pre>
    </div>
    <!--css div popup end-->

    </td>
</tr>

<tr id='total_row'>
    <td>Total</td>
    <td>53</td>
    <td>39</td>
    <td>0</td>
    <td>14</td>
    <td>&nbsp;</td>
</tr>
</table>

<div id='ending'>&nbsp;</div>

</body>
</html>
